2025-10-10 17:00:29 [DEBUG] - Microns-Per-Pixel (MPP) not found, Searching EXIF
2025-10-10 17:00:29 [DEBUG] - Using MPP 1.0 per EXIF field 65326
2025-10-10 17:00:29 [DEBUG] - Attempting to read levels from non-standard multi-page TIFF
2025-10-10 17:00:29 [DEBUG] - Read 1 levels.
2025-10-10 17:00:29 [DEBUG] - No ROIs provided for M096_jeju_ORO_OLTT_merge
2025-10-10 17:00:29 [INFO] - No ROI for M096_jeju_ORO_OLTT_merge, using whole slide.
2025-10-10 17:00:29 [DEBUG] - Slide origin: (0, 0)
2025-10-10 17:00:29 [DEBUG] - Set up coordinate grid, shape=(21, 6)
2025-10-10 17:00:29 [DEBUG] - M096_jeju_ORO_OLTT_merge: Slide info: 1.0 um/px | 0 ROI(s) | Size: 11244 x 3372
2025-10-10 17:00:29 [DEBUG] - M096_jeju_ORO_OLTT_merge: Grid shape: (21, 6) | Tiles to extract: 126
2025-10-10 17:00:29 [DEBUG] - Error attempting to read level 0
2025-10-10 17:00:29 [DEBUG] - Requesting thumbnail at level=0, width=11244
2025-10-10 17:08:07 [DEBUG] - Microns-Per-Pixel (MPP) not found, Searching EXIF
2025-10-10 17:08:07 [DEBUG] - Using MPP 1.0 per EXIF field 65326
2025-10-10 17:08:07 [DEBUG] - Attempting to read levels from non-standard multi-page TIFF
2025-10-10 17:08:07 [DEBUG] - Read 1 levels.
2025-10-10 17:08:07 [DEBUG] - No ROIs provided for M096_jeju_ORO_OLTT_merge
2025-10-10 17:08:07 [INFO] - No ROI for M096_jeju_ORO_OLTT_merge, using whole slide.
2025-10-10 17:08:07 [DEBUG] - Slide origin: (0, 0)
2025-10-10 17:08:07 [DEBUG] - Set up coordinate grid, shape=(21, 6)
2025-10-10 17:08:07 [DEBUG] - M096_jeju_ORO_OLTT_merge: Slide info: 1.0 um/px | 0 ROI(s) | Size: 11244 x 3372
2025-10-10 17:08:07 [DEBUG] - M096_jeju_ORO_OLTT_merge: Grid shape: (21, 6) | Tiles to extract: 126
2025-10-10 17:08:07 [DEBUG] - Error attempting to read level 0
2025-10-10 17:08:07 [DEBUG] - Requesting thumbnail at level=0, width=11244
2025-10-10 17:08:28 [DEBUG] - Microns-Per-Pixel (MPP) not found, Searching EXIF
2025-10-10 17:08:28 [DEBUG] - Using MPP 1.0 per EXIF field 65326
2025-10-10 17:08:28 [DEBUG] - Attempting to read levels from non-standard multi-page TIFF
2025-10-10 17:08:28 [DEBUG] - Read 1 levels.
2025-10-10 17:08:28 [DEBUG] - No ROIs provided for M118_jeju_ORO_OLTT_merge
2025-10-10 17:08:28 [INFO] - No ROI for M118_jeju_ORO_OLTT_merge, using whole slide.
2025-10-10 17:08:28 [DEBUG] - Slide origin: (0, 0)
2025-10-10 17:08:28 [DEBUG] - Set up coordinate grid, shape=(14, 4)
2025-10-10 17:08:28 [DEBUG] - M118_jeju_ORO_OLTT_merge: Slide info: 1.0 um/px | 0 ROI(s) | Size: 7276 x 2460
2025-10-10 17:08:28 [DEBUG] - M118_jeju_ORO_OLTT_merge: Grid shape: (14, 4) | Tiles to extract: 56
2025-10-10 17:08:28 [DEBUG] - Error attempting to read level 0
2025-10-10 17:08:28 [DEBUG] - Requesting thumbnail at level=0, width=7276
2025-10-10 17:10:11 [DEBUG] - Microns-Per-Pixel (MPP) not found, Searching EXIF
2025-10-10 17:10:11 [DEBUG] - Using MPP 1.0 per EXIF field 65326
2025-10-10 17:10:11 [DEBUG] - Attempting to read levels from non-standard multi-page TIFF
2025-10-10 17:10:11 [DEBUG] - Read 1 levels.
2025-10-10 17:10:11 [DEBUG] - No ROIs provided for M118_jeju_ORO_OLTT_merge
2025-10-10 17:10:11 [INFO] - No ROI for M118_jeju_ORO_OLTT_merge, using whole slide.
2025-10-10 17:10:11 [DEBUG] - Slide origin: (0, 0)
2025-10-10 17:10:11 [DEBUG] - Set up coordinate grid, shape=(14, 4)
2025-10-10 17:10:11 [DEBUG] - M118_jeju_ORO_OLTT_merge: Slide info: 1.0 um/px | 0 ROI(s) | Size: 7276 x 2460
2025-10-10 17:10:11 [DEBUG] - M118_jeju_ORO_OLTT_merge: Grid shape: (14, 4) | Tiles to extract: 56
2025-10-10 17:10:11 [DEBUG] - Error attempting to read level 0
2025-10-10 17:10:11 [DEBUG] - Requesting thumbnail at level=0, width=7276
2025-10-10 17:10:16 [DEBUG] - No ROIs provided for M118_jeju_ORO_OLTT_merge
2025-10-10 17:10:16 [INFO] - No ROI for M118_jeju_ORO_OLTT_merge, using whole slide.
2025-10-10 17:10:16 [DEBUG] - Slide origin: (0, 0)
2025-10-10 17:10:16 [DEBUG] - Set up coordinate grid, shape=(14, 4)
2025-10-10 17:10:16 [DEBUG] - M118_jeju_ORO_OLTT_merge: Slide info: 1.0 um/px | 0 ROI(s) | Size: 7276 x 2460
2025-10-10 17:10:16 [DEBUG] - M118_jeju_ORO_OLTT_merge: Grid shape: (14, 4) | Tiles to extract: 56
2025-10-10 17:10:16 [DEBUG] - Error attempting to read level 0
2025-10-10 17:10:16 [DEBUG] - Requesting thumbnail at level=0, width=7276
2025-10-10 17:11:14 [DEBUG] - No ROIs provided for M118_jeju_ORO_OLTT_merge
2025-10-10 17:11:14 [INFO] - No ROI for M118_jeju_ORO_OLTT_merge, using whole slide.
2025-10-10 17:11:14 [DEBUG] - Slide origin: (0, 0)
2025-10-10 17:11:14 [DEBUG] - Set up coordinate grid, shape=(14, 4)
2025-10-10 17:11:14 [DEBUG] - M118_jeju_ORO_OLTT_merge: Slide info: 1.0 um/px | 0 ROI(s) | Size: 7276 x 2460
2025-10-10 17:11:14 [DEBUG] - M118_jeju_ORO_OLTT_merge: Grid shape: (14, 4) | Tiles to extract: 56
2025-10-10 17:11:14 [DEBUG] - Error attempting to read level 0
2025-10-10 17:11:14 [DEBUG] - Requesting thumbnail at level=0, width=7276
2025-10-10 17:13:39 [DEBUG] - No ROIs provided for M118_jeju_ORO_OLTT_merge
2025-10-10 17:13:39 [INFO] - No ROI for M118_jeju_ORO_OLTT_merge, using whole slide.
2025-10-10 17:13:39 [DEBUG] - Slide origin: (0, 0)
2025-10-10 17:13:39 [DEBUG] - Set up coordinate grid, shape=(14, 4)
2025-10-10 17:13:39 [DEBUG] - M118_jeju_ORO_OLTT_merge: Slide info: 1.0 um/px | 0 ROI(s) | Size: 7276 x 2460
2025-10-10 17:13:39 [DEBUG] - M118_jeju_ORO_OLTT_merge: Grid shape: (14, 4) | Tiles to extract: 56
2025-10-10 17:13:39 [DEBUG] - Error attempting to read level 0
2025-10-10 17:13:39 [DEBUG] - Requesting thumbnail at level=0, width=7276
2025-10-10 17:16:37 [DEBUG] - Microns-Per-Pixel (MPP) not found, Searching EXIF
2025-10-10 17:16:37 [DEBUG] - Using MPP 1.0 per EXIF field 65326
2025-10-10 17:16:37 [DEBUG] - Attempting to read levels from non-standard multi-page TIFF
2025-10-10 17:16:37 [DEBUG] - Read 1 levels.
2025-10-10 17:16:37 [DEBUG] - No ROIs provided for M096_jeju_ORO_OLTT_merge
2025-10-10 17:16:37 [INFO] - No ROI for M096_jeju_ORO_OLTT_merge, using whole slide.
2025-10-10 17:16:37 [DEBUG] - Slide origin: (0, 0)
2025-10-10 17:16:37 [DEBUG] - Set up coordinate grid, shape=(21, 6)
2025-10-10 17:16:37 [DEBUG] - M096_jeju_ORO_OLTT_merge: Slide info: 1.0 um/px | 0 ROI(s) | Size: 11244 x 3372
2025-10-10 17:16:37 [DEBUG] - M096_jeju_ORO_OLTT_merge: Grid shape: (21, 6) | Tiles to extract: 126
2025-10-10 17:16:37 [DEBUG] - Error attempting to read level 0
2025-10-10 17:16:37 [DEBUG] - Requesting thumbnail at level=0, width=11244
2025-10-10 17:17:43 [DEBUG] - Microns-Per-Pixel (MPP) not found, Searching EXIF
2025-10-10 17:17:43 [DEBUG] - Using MPP 1.0 per EXIF field 65326
2025-10-10 17:17:43 [DEBUG] - Attempting to read levels from non-standard multi-page TIFF
2025-10-10 17:17:43 [DEBUG] - Read 1 levels.
2025-10-10 17:17:43 [DEBUG] - No ROIs provided for M054_jeju1_ORO_OLTT_merge
2025-10-10 17:17:43 [INFO] - No ROI for M054_jeju1_ORO_OLTT_merge, using whole slide.
2025-10-10 17:17:43 [DEBUG] - Slide origin: (0, 0)
2025-10-10 17:17:43 [DEBUG] - Set up coordinate grid, shape=(21, 6)
2025-10-10 17:17:43 [DEBUG] - M054_jeju1_ORO_OLTT_merge: Slide info: 1.0 um/px | 0 ROI(s) | Size: 11196 x 3336
2025-10-10 17:17:43 [DEBUG] - M054_jeju1_ORO_OLTT_merge: Grid shape: (21, 6) | Tiles to extract: 126
2025-10-10 17:17:43 [DEBUG] - Error attempting to read level 0
2025-10-10 17:17:43 [DEBUG] - Requesting thumbnail at level=0, width=11196
2025-10-10 17:40:32 [DEBUG] - Microns-Per-Pixel (MPP) not found, Searching EXIF
2025-10-10 17:40:32 [DEBUG] - Using MPP 1.0 per EXIF field 65326
2025-10-10 17:40:32 [DEBUG] - Attempting to read levels from non-standard multi-page TIFF
2025-10-10 17:40:32 [DEBUG] - Read 1 levels.
2025-10-10 17:40:32 [DEBUG] - No ROIs provided for M054_jeju1_ORO_OLTT_merge
2025-10-10 17:40:32 [INFO] - No ROI for M054_jeju1_ORO_OLTT_merge, using whole slide.
2025-10-10 17:40:32 [DEBUG] - Slide origin: (0, 0)
2025-10-10 17:40:32 [DEBUG] - Set up coordinate grid, shape=(21, 6)
2025-10-10 17:40:32 [DEBUG] - M054_jeju1_ORO_OLTT_merge: Slide info: 1.0 um/px | 0 ROI(s) | Size: 11196 x 3336
2025-10-10 17:40:32 [DEBUG] - M054_jeju1_ORO_OLTT_merge: Grid shape: (21, 6) | Tiles to extract: 126
2025-10-10 17:40:32 [DEBUG] - Error attempting to read level 0
2025-10-10 17:40:32 [DEBUG] - Requesting thumbnail at level=0, width=11196
2025-10-10 18:00:43 [DEBUG] - Microns-Per-Pixel (MPP) not found, Searching EXIF
2025-10-10 18:00:43 [DEBUG] - Using MPP 1.0 per EXIF field 65326
2025-10-10 18:00:43 [DEBUG] - Attempting to read levels from non-standard multi-page TIFF
2025-10-10 18:00:43 [DEBUG] - Read 1 levels.
2025-10-10 18:00:43 [DEBUG] - No ROIs provided for 642_jeju_BEFORE
2025-10-10 18:00:43 [INFO] - No ROI for 642_jeju_BEFORE, using whole slide.
2025-10-10 18:00:43 [DEBUG] - Slide origin: (0, 0)
2025-10-10 18:00:43 [DEBUG] - Set up coordinate grid, shape=(19, 6)
2025-10-10 18:00:43 [DEBUG] - 642_jeju_BEFORE: Slide info: 1.0 um/px | 0 ROI(s) | Size: 9924 x 3360
2025-10-10 18:00:43 [DEBUG] - 642_jeju_BEFORE: Grid shape: (19, 6) | Tiles to extract: 114
2025-10-10 18:00:43 [DEBUG] - Error attempting to read level 0
2025-10-10 18:00:43 [DEBUG] - Requesting thumbnail at level=0, width=9924
2025-10-10 18:02:39 [DEBUG] - Microns-Per-Pixel (MPP) not found, Searching EXIF
2025-10-10 18:02:39 [DEBUG] - Using MPP 1.0 per EXIF field 65326
2025-10-10 18:02:39 [DEBUG] - Attempting to read levels from non-standard multi-page TIFF
2025-10-10 18:02:39 [DEBUG] - Read 1 levels.
2025-10-10 18:02:39 [DEBUG] - No ROIs provided for M117_jeju1_ORO_OLTT_merge
2025-10-10 18:02:39 [INFO] - No ROI for M117_jeju1_ORO_OLTT_merge, using whole slide.
2025-10-10 18:02:39 [DEBUG] - Slide origin: (0, 0)
2025-10-10 18:02:39 [DEBUG] - Set up coordinate grid, shape=(11, 6)
2025-10-10 18:02:39 [DEBUG] - M117_jeju1_ORO_OLTT_merge: Slide info: 1.0 um/px | 0 ROI(s) | Size: 5904 x 3416
2025-10-10 18:02:39 [DEBUG] - M117_jeju1_ORO_OLTT_merge: Grid shape: (11, 6) | Tiles to extract: 66
2025-10-10 18:02:39 [DEBUG] - Error attempting to read level 0
2025-10-10 18:02:39 [DEBUG] - Requesting thumbnail at level=0, width=5904
2025-10-13 15:56:17 [DEBUG] - Microns-Per-Pixel (MPP) not found, Searching EXIF
2025-10-13 15:56:17 [DEBUG] - Using MPP 1.0 per EXIF field 65326
2025-10-13 15:56:17 [DEBUG] - Attempting to read levels from non-standard multi-page TIFF
2025-10-13 15:56:17 [DEBUG] - Read 1 levels.
2025-10-13 15:56:17 [DEBUG] - No ROIs provided for M054_jeju_ORO_OLTT_merge
2025-10-13 15:56:17 [INFO] - No ROI for M054_jeju_ORO_OLTT_merge, using whole slide.
2025-10-13 15:56:17 [DEBUG] - Slide origin: (0, 0)
2025-10-13 15:56:17 [DEBUG] - Set up coordinate grid, shape=(16, 2)
2025-10-13 15:56:17 [DEBUG] - M054_jeju_ORO_OLTT_merge: Slide info: 1.0 um/px | 0 ROI(s) | Size: 8568 x 1404
2025-10-13 15:56:17 [DEBUG] - M054_jeju_ORO_OLTT_merge: Grid shape: (16, 2) | Tiles to extract: 32
2025-10-13 15:56:17 [DEBUG] - Error attempting to read level 0
2025-10-13 15:56:17 [DEBUG] - Requesting thumbnail at level=0, width=8568
2025-10-13 22:10:10 [DEBUG] - Microns-Per-Pixel (MPP) not found, Searching EXIF
2025-10-13 22:10:10 [DEBUG] - Using MPP 1.0 per EXIF field 65326
2025-10-13 22:10:10 [DEBUG] - Attempting to read levels from non-standard multi-page TIFF
2025-10-13 22:10:10 [DEBUG] - Read 1 levels.
2025-10-13 22:10:10 [DEBUG] - No ROIs provided for M056_jeju_ORO_OLTT_merge
2025-10-13 22:10:10 [INFO] - No ROI for M056_jeju_ORO_OLTT_merge, using whole slide.
2025-10-13 22:10:10 [DEBUG] - Slide origin: (0, 0)
2025-10-13 22:10:10 [DEBUG] - Set up coordinate grid, shape=(16, 4)
2025-10-13 22:10:10 [DEBUG] - M056_jeju_ORO_OLTT_merge: Slide info: 1.0 um/px | 0 ROI(s) | Size: 8576 x 2368
2025-10-13 22:10:10 [DEBUG] - M056_jeju_ORO_OLTT_merge: Grid shape: (16, 4) | Tiles to extract: 64
2025-10-13 22:10:10 [DEBUG] - Error attempting to read level 0
2025-10-13 22:10:10 [DEBUG] - Requesting thumbnail at level=0, width=8576
2025-10-13 22:14:18 [DEBUG] - Microns-Per-Pixel (MPP) not found, Searching EXIF
2025-10-13 22:14:18 [DEBUG] - Using MPP 1.0 per EXIF field 65326
2025-10-13 22:14:18 [DEBUG] - Attempting to read levels from non-standard multi-page TIFF
2025-10-13 22:14:18 [DEBUG] - Read 1 levels.
2025-10-13 22:14:18 [DEBUG] - No ROIs provided for M054_jeju1_ORO_OLTT_merge
2025-10-13 22:14:18 [INFO] - No ROI for M054_jeju1_ORO_OLTT_merge, using whole slide.
2025-10-13 22:14:18 [DEBUG] - Slide origin: (0, 0)
2025-10-13 22:14:18 [DEBUG] - Set up coordinate grid, shape=(21, 6)
2025-10-13 22:14:18 [DEBUG] - M054_jeju1_ORO_OLTT_merge: Slide info: 1.0 um/px | 0 ROI(s) | Size: 11196 x 3336
2025-10-13 22:14:18 [DEBUG] - M054_jeju1_ORO_OLTT_merge: Grid shape: (21, 6) | Tiles to extract: 126
2025-10-13 22:14:18 [DEBUG] - Error attempting to read level 0
2025-10-13 22:14:18 [DEBUG] - Requesting thumbnail at level=0, width=11196
2025-10-13 22:18:27 [DEBUG] - Microns-Per-Pixel (MPP) not found, Searching EXIF
2025-10-13 22:18:27 [DEBUG] - Using MPP 1.0 per EXIF field 65326
2025-10-13 22:18:27 [DEBUG] - Attempting to read levels from non-standard multi-page TIFF
2025-10-13 22:18:27 [DEBUG] - Read 1 levels.
2025-10-13 22:18:27 [DEBUG] - No ROIs provided for 643_jeju1_ORO_OLTT_merge
2025-10-13 22:18:27 [INFO] - No ROI for 643_jeju1_ORO_OLTT_merge, using whole slide.
2025-10-13 22:18:27 [DEBUG] - Slide origin: (0, 0)
2025-10-13 22:18:27 [DEBUG] - Set up coordinate grid, shape=(19, 6)
2025-10-13 22:18:27 [DEBUG] - 643_jeju1_ORO_OLTT_merge: Slide info: 1.0 um/px | 0 ROI(s) | Size: 9924 x 3372
2025-10-13 22:18:27 [DEBUG] - 643_jeju1_ORO_OLTT_merge: Grid shape: (19, 6) | Tiles to extract: 114
2025-10-13 22:18:27 [DEBUG] - Error attempting to read level 0
2025-10-13 22:18:27 [DEBUG] - Requesting thumbnail at level=0, width=9924
2025-10-13 22:31:07 [DEBUG] - Microns-Per-Pixel (MPP) not found, Searching EXIF
2025-10-13 22:31:07 [DEBUG] - Using MPP 1.0 per EXIF field 65326
2025-10-13 22:31:07 [DEBUG] - Attempting to read levels from non-standard multi-page TIFF
2025-10-13 22:31:07 [DEBUG] - Read 1 levels.
2025-10-13 22:31:07 [DEBUG] - No ROIs provided for M054_jeju1_ORO_OLTT_merge
2025-10-13 22:31:07 [INFO] - No ROI for M054_jeju1_ORO_OLTT_merge, using whole slide.
2025-10-13 22:31:07 [DEBUG] - Slide origin: (0, 0)
2025-10-13 22:31:07 [DEBUG] - Set up coordinate grid, shape=(21, 6)
2025-10-13 22:31:07 [DEBUG] - M054_jeju1_ORO_OLTT_merge: Slide info: 1.0 um/px | 0 ROI(s) | Size: 11196 x 3336
2025-10-13 22:31:07 [DEBUG] - M054_jeju1_ORO_OLTT_merge: Grid shape: (21, 6) | Tiles to extract: 126
2025-10-13 22:31:07 [DEBUG] - Error attempting to read level 0
2025-10-13 22:31:07 [DEBUG] - Requesting thumbnail at level=0, width=11196
2025-10-13 22:34:01 [DEBUG] - Microns-Per-Pixel (MPP) not found, Searching EXIF
2025-10-13 22:34:01 [DEBUG] - Using MPP 1.0 per EXIF field 65326
2025-10-13 22:34:01 [DEBUG] - Attempting to read levels from non-standard multi-page TIFF
2025-10-13 22:34:01 [DEBUG] - Read 1 levels.
2025-10-13 22:34:01 [DEBUG] - No ROIs provided for M054_jeju1_ORO_OLTT_merge
2025-10-13 22:34:01 [INFO] - No ROI for M054_jeju1_ORO_OLTT_merge, using whole slide.
2025-10-13 22:34:01 [DEBUG] - Slide origin: (0, 0)
2025-10-13 22:34:01 [DEBUG] - Set up coordinate grid, shape=(21, 6)
2025-10-13 22:34:01 [DEBUG] - M054_jeju1_ORO_OLTT_merge: Slide info: 1.0 um/px | 0 ROI(s) | Size: 11196 x 3336
2025-10-13 22:34:01 [DEBUG] - M054_jeju1_ORO_OLTT_merge: Grid shape: (21, 6) | Tiles to extract: 126
2025-10-13 22:34:01 [DEBUG] - Error attempting to read level 0
2025-10-13 22:34:01 [DEBUG] - Requesting thumbnail at level=0, width=11196
2025-10-13 22:37:24 [DEBUG] - Microns-Per-Pixel (MPP) not found, Searching EXIF
2025-10-13 22:37:24 [DEBUG] - Using MPP 1.0 per EXIF field 65326
2025-10-13 22:37:24 [DEBUG] - Attempting to read levels from non-standard multi-page TIFF
2025-10-13 22:37:24 [DEBUG] - Read 1 levels.
2025-10-13 22:37:24 [DEBUG] - No ROIs provided for M054_jeju1_ORO_OLTT_merge
2025-10-13 22:37:24 [INFO] - No ROI for M054_jeju1_ORO_OLTT_merge, using whole slide.
2025-10-13 22:37:24 [DEBUG] - Slide origin: (0, 0)
2025-10-13 22:37:24 [DEBUG] - Set up coordinate grid, shape=(21, 6)
2025-10-13 22:37:24 [DEBUG] - M054_jeju1_ORO_OLTT_merge: Slide info: 1.0 um/px | 0 ROI(s) | Size: 11196 x 3336
2025-10-13 22:37:24 [DEBUG] - M054_jeju1_ORO_OLTT_merge: Grid shape: (21, 6) | Tiles to extract: 126
2025-10-13 22:37:24 [DEBUG] - Error attempting to read level 0
2025-10-13 22:37:24 [DEBUG] - Requesting thumbnail at level=0, width=11196
2025-10-13 22:38:25 [DEBUG] - Microns-Per-Pixel (MPP) not found, Searching EXIF
2025-10-13 22:38:25 [DEBUG] - Using MPP 1.0 per EXIF field 65326
2025-10-13 22:38:25 [DEBUG] - Attempting to read levels from non-standard multi-page TIFF
2025-10-13 22:38:25 [DEBUG] - Read 1 levels.
2025-10-13 22:38:25 [DEBUG] - No ROIs provided for M054_jeju1_ORO_OLTT_merge
2025-10-13 22:38:25 [INFO] - No ROI for M054_jeju1_ORO_OLTT_merge, using whole slide.
2025-10-13 22:38:25 [DEBUG] - Slide origin: (0, 0)
2025-10-13 22:38:25 [DEBUG] - Set up coordinate grid, shape=(21, 6)
2025-10-13 22:38:25 [DEBUG] - M054_jeju1_ORO_OLTT_merge: Slide info: 1.0 um/px | 0 ROI(s) | Size: 11196 x 3336
2025-10-13 22:38:25 [DEBUG] - M054_jeju1_ORO_OLTT_merge: Grid shape: (21, 6) | Tiles to extract: 126
2025-10-13 22:38:25 [DEBUG] - Error attempting to read level 0
2025-10-13 22:38:25 [DEBUG] - Requesting thumbnail at level=0, width=11196
2025-10-13 22:44:20 [DEBUG] - Microns-Per-Pixel (MPP) not found, Searching EXIF
2025-10-13 22:44:20 [DEBUG] - Using MPP 1.0 per EXIF field 65326
2025-10-13 22:44:20 [DEBUG] - Attempting to read levels from non-standard multi-page TIFF
2025-10-13 22:44:20 [DEBUG] - Read 1 levels.
2025-10-13 22:44:20 [DEBUG] - No ROIs provided for M054_jeju1_ORO_OLTT_merge
2025-10-13 22:44:20 [INFO] - No ROI for M054_jeju1_ORO_OLTT_merge, using whole slide.
2025-10-13 22:44:20 [DEBUG] - Slide origin: (0, 0)
2025-10-13 22:44:20 [DEBUG] - Set up coordinate grid, shape=(21, 6)
2025-10-13 22:44:20 [DEBUG] - M054_jeju1_ORO_OLTT_merge: Slide info: 1.0 um/px | 0 ROI(s) | Size: 11196 x 3336
2025-10-13 22:44:20 [DEBUG] - M054_jeju1_ORO_OLTT_merge: Grid shape: (21, 6) | Tiles to extract: 126
2025-10-13 22:44:20 [DEBUG] - Error attempting to read level 0
2025-10-13 22:44:20 [DEBUG] - Requesting thumbnail at level=0, width=11196
2025-10-13 22:45:20 [DEBUG] - Microns-Per-Pixel (MPP) not found, Searching EXIF
2025-10-13 22:45:20 [DEBUG] - Using MPP 1.0 per EXIF field 65326
2025-10-13 22:45:20 [DEBUG] - Attempting to read levels from non-standard multi-page TIFF
2025-10-13 22:45:20 [DEBUG] - Read 1 levels.
2025-10-13 22:45:20 [DEBUG] - No ROIs provided for M054_jeju1_ORO_OLTT_merge
2025-10-13 22:45:20 [INFO] - No ROI for M054_jeju1_ORO_OLTT_merge, using whole slide.
2025-10-13 22:45:20 [DEBUG] - Slide origin: (0, 0)
2025-10-13 22:45:20 [DEBUG] - Set up coordinate grid, shape=(21, 6)
2025-10-13 22:45:20 [DEBUG] - M054_jeju1_ORO_OLTT_merge: Slide info: 1.0 um/px | 0 ROI(s) | Size: 11196 x 3336
2025-10-13 22:45:20 [DEBUG] - M054_jeju1_ORO_OLTT_merge: Grid shape: (21, 6) | Tiles to extract: 126
2025-10-13 22:45:20 [DEBUG] - Error attempting to read level 0
2025-10-13 22:45:20 [DEBUG] - Requesting thumbnail at level=0, width=11196
2025-10-14 10:25:46 [DEBUG] - Microns-Per-Pixel (MPP) not found, Searching EXIF
2025-10-14 10:25:46 [DEBUG] - Using MPP 1.0 per EXIF field 65326
2025-10-14 10:25:46 [DEBUG] - Attempting to read levels from non-standard multi-page TIFF
2025-10-14 10:25:46 [DEBUG] - Read 1 levels.
2025-10-14 10:25:46 [DEBUG] - No ROIs provided for 644_jeju1_ORO_OLTT_merge
2025-10-14 10:25:46 [INFO] - No ROI for 644_jeju1_ORO_OLTT_merge, using whole slide.
2025-10-14 10:25:46 [DEBUG] - Slide origin: (0, 0)
2025-10-14 10:25:46 [DEBUG] - Set up coordinate grid, shape=(19, 6)
2025-10-14 10:25:46 [DEBUG] - 644_jeju1_ORO_OLTT_merge: Slide info: 1.0 um/px | 0 ROI(s) | Size: 9948 x 3372
2025-10-14 10:25:46 [DEBUG] - 644_jeju1_ORO_OLTT_merge: Grid shape: (19, 6) | Tiles to extract: 114
2025-10-14 10:25:46 [DEBUG] - Error attempting to read level 0
2025-10-14 10:25:46 [DEBUG] - Requesting thumbnail at level=0, width=9948
2025-10-14 10:28:16 [DEBUG] - Microns-Per-Pixel (MPP) not found, Searching EXIF
2025-10-14 10:28:16 [DEBUG] - Using MPP 1.0 per EXIF field 65326
2025-10-14 10:28:16 [DEBUG] - Attempting to read levels from non-standard multi-page TIFF
2025-10-14 10:28:16 [DEBUG] - Read 1 levels.
2025-10-14 10:28:16 [DEBUG] - No ROIs provided for M057_jeju_ORO_OLTT_merge
2025-10-14 10:28:16 [INFO] - No ROI for M057_jeju_ORO_OLTT_merge, using whole slide.
2025-10-14 10:28:16 [DEBUG] - Slide origin: (0, 0)
2025-10-14 10:28:16 [DEBUG] - Set up coordinate grid, shape=(16, 6)
2025-10-14 10:28:16 [DEBUG] - M057_jeju_ORO_OLTT_merge: Slide info: 1.0 um/px | 0 ROI(s) | Size: 8580 x 3384
2025-10-14 10:28:16 [DEBUG] - M057_jeju_ORO_OLTT_merge: Grid shape: (16, 6) | Tiles to extract: 96
2025-10-14 10:28:16 [DEBUG] - Error attempting to read level 0
2025-10-14 10:28:16 [DEBUG] - Requesting thumbnail at level=0, width=8580
2025-10-14 10:29:35 [DEBUG] - Microns-Per-Pixel (MPP) not found, Searching EXIF
2025-10-14 10:29:35 [DEBUG] - Using MPP 1.0 per EXIF field 65326
2025-10-14 10:29:35 [DEBUG] - Attempting to read levels from non-standard multi-page TIFF
2025-10-14 10:29:35 [DEBUG] - Read 1 levels.
2025-10-14 10:29:35 [DEBUG] - No ROIs provided for 645_jeju1_ORO_OLTT_merge
2025-10-14 10:29:35 [INFO] - No ROI for 645_jeju1_ORO_OLTT_merge, using whole slide.
2025-10-14 10:29:35 [DEBUG] - Slide origin: (0, 0)
2025-10-14 10:29:35 [DEBUG] - Set up coordinate grid, shape=(14, 4)
2025-10-14 10:29:35 [DEBUG] - 645_jeju1_ORO_OLTT_merge: Slide info: 1.0 um/px | 0 ROI(s) | Size: 7272 x 2464
2025-10-14 10:29:35 [DEBUG] - 645_jeju1_ORO_OLTT_merge: Grid shape: (14, 4) | Tiles to extract: 56
2025-10-14 10:29:35 [DEBUG] - Error attempting to read level 0
2025-10-14 10:29:35 [DEBUG] - Requesting thumbnail at level=0, width=7272
2025-10-14 10:30:31 [DEBUG] - Microns-Per-Pixel (MPP) not found, Searching EXIF
2025-10-14 10:30:31 [DEBUG] - Using MPP 1.0 per EXIF field 65326
2025-10-14 10:30:31 [DEBUG] - Attempting to read levels from non-standard multi-page TIFF
2025-10-14 10:30:31 [DEBUG] - Read 1 levels.
2025-10-14 10:30:31 [DEBUG] - No ROIs provided for M056_jeju_ORO_OLTT_merge
2025-10-14 10:30:31 [INFO] - No ROI for M056_jeju_ORO_OLTT_merge, using whole slide.
2025-10-14 10:30:31 [DEBUG] - Slide origin: (0, 0)
2025-10-14 10:30:31 [DEBUG] - Set up coordinate grid, shape=(16, 4)
2025-10-14 10:30:31 [DEBUG] - M056_jeju_ORO_OLTT_merge: Slide info: 1.0 um/px | 0 ROI(s) | Size: 8576 x 2368
2025-10-14 10:30:31 [DEBUG] - M056_jeju_ORO_OLTT_merge: Grid shape: (16, 4) | Tiles to extract: 64
2025-10-14 10:30:31 [DEBUG] - Error attempting to read level 0
2025-10-14 10:30:31 [DEBUG] - Requesting thumbnail at level=0, width=8576
2025-10-14 10:31:08 [DEBUG] - Microns-Per-Pixel (MPP) not found, Searching EXIF
2025-10-14 10:31:08 [DEBUG] - Using MPP 1.0 per EXIF field 65326
2025-10-14 10:31:08 [DEBUG] - Attempting to read levels from non-standard multi-page TIFF
2025-10-14 10:31:08 [DEBUG] - Read 1 levels.
2025-10-14 10:31:08 [DEBUG] - No ROIs provided for 645_jeju1_ORO_OLTT_merge
2025-10-14 10:31:08 [INFO] - No ROI for 645_jeju1_ORO_OLTT_merge, using whole slide.
2025-10-14 10:31:08 [DEBUG] - Slide origin: (0, 0)
2025-10-14 10:31:08 [DEBUG] - Set up coordinate grid, shape=(14, 4)
2025-10-14 10:31:08 [DEBUG] - 645_jeju1_ORO_OLTT_merge: Slide info: 1.0 um/px | 0 ROI(s) | Size: 7272 x 2464
2025-10-14 10:31:08 [DEBUG] - 645_jeju1_ORO_OLTT_merge: Grid shape: (14, 4) | Tiles to extract: 56
2025-10-14 10:31:08 [DEBUG] - Error attempting to read level 0
2025-10-14 10:31:08 [DEBUG] - Requesting thumbnail at level=0, width=7272
2025-10-14 10:31:47 [DEBUG] - Microns-Per-Pixel (MPP) not found, Searching EXIF
2025-10-14 10:31:47 [DEBUG] - Using MPP 1.0 per EXIF field 65326
2025-10-14 10:31:47 [DEBUG] - Attempting to read levels from non-standard multi-page TIFF
2025-10-14 10:31:47 [DEBUG] - Read 1 levels.
2025-10-14 10:31:47 [DEBUG] - No ROIs provided for 645_jeju_ORO_OLTT_merge
2025-10-14 10:31:47 [INFO] - No ROI for 645_jeju_ORO_OLTT_merge, using whole slide.
2025-10-14 10:31:47 [DEBUG] - Slide origin: (0, 0)
2025-10-14 10:31:47 [DEBUG] - Set up coordinate grid, shape=(14, 6)
2025-10-14 10:31:47 [DEBUG] - 645_jeju_ORO_OLTT_merge: Slide info: 1.0 um/px | 0 ROI(s) | Size: 7277 x 3468
2025-10-14 10:31:47 [DEBUG] - 645_jeju_ORO_OLTT_merge: Grid shape: (14, 6) | Tiles to extract: 84
2025-10-14 10:31:47 [DEBUG] - Error attempting to read level 0
2025-10-14 10:31:47 [DEBUG] - Requesting thumbnail at level=0, width=7277
2025-10-14 10:33:36 [DEBUG] - Microns-Per-Pixel (MPP) not found, Searching EXIF
2025-10-14 10:33:36 [DEBUG] - Using MPP 1.0 per EXIF field 65326
2025-10-14 10:33:36 [DEBUG] - Attempting to read levels from non-standard multi-page TIFF
2025-10-14 10:33:36 [DEBUG] - Read 1 levels.
2025-10-14 10:33:36 [DEBUG] - No ROIs provided for 645_jeju1_ORO_OLTT_merge
2025-10-14 10:33:36 [INFO] - No ROI for 645_jeju1_ORO_OLTT_merge, using whole slide.
2025-10-14 10:33:36 [DEBUG] - Slide origin: (0, 0)
2025-10-14 10:33:36 [DEBUG] - Set up coordinate grid, shape=(14, 4)
2025-10-14 10:33:36 [DEBUG] - 645_jeju1_ORO_OLTT_merge: Slide info: 1.0 um/px | 0 ROI(s) | Size: 7272 x 2464
2025-10-14 10:33:36 [DEBUG] - 645_jeju1_ORO_OLTT_merge: Grid shape: (14, 4) | Tiles to extract: 56
2025-10-14 10:33:36 [DEBUG] - Error attempting to read level 0
2025-10-14 10:33:36 [DEBUG] - Requesting thumbnail at level=0, width=7272
2025-10-14 10:35:00 [DEBUG] - Microns-Per-Pixel (MPP) not found, Searching EXIF
2025-10-14 10:35:00 [DEBUG] - Using MPP 1.0 per EXIF field 65326
2025-10-14 10:35:00 [DEBUG] - Attempting to read levels from non-standard multi-page TIFF
2025-10-14 10:35:00 [DEBUG] - Read 1 levels.
2025-10-14 10:35:00 [DEBUG] - No ROIs provided for M056_jeju_ORO_OLTT_merge
2025-10-14 10:35:00 [INFO] - No ROI for M056_jeju_ORO_OLTT_merge, using whole slide.
2025-10-14 10:35:00 [DEBUG] - Slide origin: (0, 0)
2025-10-14 10:35:00 [DEBUG] - Set up coordinate grid, shape=(16, 4)
2025-10-14 10:35:00 [DEBUG] - M056_jeju_ORO_OLTT_merge: Slide info: 1.0 um/px | 0 ROI(s) | Size: 8576 x 2368
2025-10-14 10:35:00 [DEBUG] - M056_jeju_ORO_OLTT_merge: Grid shape: (16, 4) | Tiles to extract: 64
2025-10-14 10:35:00 [DEBUG] - Error attempting to read level 0
2025-10-14 10:35:00 [DEBUG] - Requesting thumbnail at level=0, width=8576
2025-10-14 10:35:48 [DEBUG] - Microns-Per-Pixel (MPP) not found, Searching EXIF
2025-10-14 10:35:48 [DEBUG] - Using MPP 1.0 per EXIF field 65326
2025-10-14 10:35:48 [DEBUG] - Attempting to read levels from non-standard multi-page TIFF
2025-10-14 10:35:48 [DEBUG] - Read 1 levels.
2025-10-14 10:35:48 [DEBUG] - No ROIs provided for M054_jeju1_ORO_OLTT_merge
2025-10-14 10:35:48 [INFO] - No ROI for M054_jeju1_ORO_OLTT_merge, using whole slide.
2025-10-14 10:35:48 [DEBUG] - Slide origin: (0, 0)
2025-10-14 10:35:48 [DEBUG] - Set up coordinate grid, shape=(21, 6)
2025-10-14 10:35:48 [DEBUG] - M054_jeju1_ORO_OLTT_merge: Slide info: 1.0 um/px | 0 ROI(s) | Size: 11196 x 3336
2025-10-14 10:35:48 [DEBUG] - M054_jeju1_ORO_OLTT_merge: Grid shape: (21, 6) | Tiles to extract: 126
2025-10-14 10:35:48 [DEBUG] - Error attempting to read level 0
2025-10-14 10:35:48 [DEBUG] - Requesting thumbnail at level=0, width=11196
2025-10-14 10:38:10 [DEBUG] - Microns-Per-Pixel (MPP) not found, Searching EXIF
2025-10-14 10:38:10 [DEBUG] - Using MPP 1.0 per EXIF field 65326
2025-10-14 10:38:10 [DEBUG] - Attempting to read levels from non-standard multi-page TIFF
2025-10-14 10:38:10 [DEBUG] - Read 1 levels.
2025-10-14 10:38:10 [DEBUG] - No ROIs provided for M096_jeju1_ORO_OLTT_merge
2025-10-14 10:38:10 [INFO] - No ROI for M096_jeju1_ORO_OLTT_merge, using whole slide.
2025-10-14 10:38:10 [DEBUG] - Slide origin: (0, 0)
2025-10-14 10:38:10 [DEBUG] - Set up coordinate grid, shape=(21, 6)
2025-10-14 10:38:10 [DEBUG] - M096_jeju1_ORO_OLTT_merge: Slide info: 1.0 um/px | 0 ROI(s) | Size: 11244 x 3360
2025-10-14 10:38:10 [DEBUG] - M096_jeju1_ORO_OLTT_merge: Grid shape: (21, 6) | Tiles to extract: 126
2025-10-14 10:38:10 [DEBUG] - Error attempting to read level 0
2025-10-14 10:38:10 [DEBUG] - Requesting thumbnail at level=0, width=11244
2025-10-14 10:41:25 [DEBUG] - Microns-Per-Pixel (MPP) not found, Searching EXIF
2025-10-14 10:41:25 [DEBUG] - Using MPP 1.0 per EXIF field 65326
2025-10-14 10:41:25 [DEBUG] - Attempting to read levels from non-standard multi-page TIFF
2025-10-14 10:41:25 [DEBUG] - Read 1 levels.
2025-10-14 10:41:25 [DEBUG] - No ROIs provided for M056_jeju_ORO_OLTT_merge
2025-10-14 10:41:25 [INFO] - No ROI for M056_jeju_ORO_OLTT_merge, using whole slide.
2025-10-14 10:41:25 [DEBUG] - Slide origin: (0, 0)
2025-10-14 10:41:25 [DEBUG] - Set up coordinate grid, shape=(16, 4)
2025-10-14 10:41:25 [DEBUG] - M056_jeju_ORO_OLTT_merge: Slide info: 1.0 um/px | 0 ROI(s) | Size: 8576 x 2368
2025-10-14 10:41:25 [DEBUG] - M056_jeju_ORO_OLTT_merge: Grid shape: (16, 4) | Tiles to extract: 64
2025-10-14 10:41:25 [DEBUG] - Error attempting to read level 0
2025-10-14 10:41:25 [DEBUG] - Requesting thumbnail at level=0, width=8576
2025-10-14 10:51:14 [DEBUG] - Microns-Per-Pixel (MPP) not found, Searching EXIF
2025-10-14 10:51:14 [DEBUG] - Using MPP 1.0 per EXIF field 65326
2025-10-14 10:51:14 [DEBUG] - Attempting to read levels from non-standard multi-page TIFF
2025-10-14 10:51:14 [DEBUG] - Read 1 levels.
2025-10-14 10:51:14 [DEBUG] - No ROIs provided for M054_jeju1_ORO_OLTT_merge
2025-10-14 10:51:14 [INFO] - No ROI for M054_jeju1_ORO_OLTT_merge, using whole slide.
2025-10-14 10:51:14 [DEBUG] - Slide origin: (0, 0)
2025-10-14 10:51:14 [DEBUG] - Set up coordinate grid, shape=(21, 6)
2025-10-14 10:51:14 [DEBUG] - M054_jeju1_ORO_OLTT_merge: Slide info: 1.0 um/px | 0 ROI(s) | Size: 11196 x 3336
2025-10-14 10:51:14 [DEBUG] - M054_jeju1_ORO_OLTT_merge: Grid shape: (21, 6) | Tiles to extract: 126
2025-10-14 10:51:14 [DEBUG] - Error attempting to read level 0
2025-10-14 10:51:14 [DEBUG] - Requesting thumbnail at level=0, width=11196
2025-10-14 10:52:51 [DEBUG] - Microns-Per-Pixel (MPP) not found, Searching EXIF
2025-10-14 10:52:51 [DEBUG] - Using MPP 1.0 per EXIF field 65326
2025-10-14 10:52:51 [DEBUG] - Attempting to read levels from non-standard multi-page TIFF
2025-10-14 10:52:51 [DEBUG] - Read 1 levels.
2025-10-14 10:52:51 [DEBUG] - No ROIs provided for M096_jeju_ORO_OLTT_merge
2025-10-14 10:52:51 [INFO] - No ROI for M096_jeju_ORO_OLTT_merge, using whole slide.
2025-10-14 10:52:51 [DEBUG] - Slide origin: (0, 0)
2025-10-14 10:52:51 [DEBUG] - Set up coordinate grid, shape=(21, 6)
2025-10-14 10:52:51 [DEBUG] - M096_jeju_ORO_OLTT_merge: Slide info: 1.0 um/px | 0 ROI(s) | Size: 11244 x 3372
2025-10-14 10:52:51 [DEBUG] - M096_jeju_ORO_OLTT_merge: Grid shape: (21, 6) | Tiles to extract: 126
2025-10-14 10:52:51 [DEBUG] - Error attempting to read level 0
2025-10-14 10:52:51 [DEBUG] - Requesting thumbnail at level=0, width=11244
2025-10-14 10:53:50 [DEBUG] - Microns-Per-Pixel (MPP) not found, Searching EXIF
2025-10-14 10:53:50 [DEBUG] - Using MPP 1.0 per EXIF field 65326
2025-10-14 10:53:50 [DEBUG] - Attempting to read levels from non-standard multi-page TIFF
2025-10-14 10:53:50 [DEBUG] - Read 1 levels.
2025-10-14 10:53:50 [DEBUG] - No ROIs provided for M054_jeju_ORO_OLTT_merge
2025-10-14 10:53:50 [INFO] - No ROI for M054_jeju_ORO_OLTT_merge, using whole slide.
2025-10-14 10:53:50 [DEBUG] - Slide origin: (0, 0)
2025-10-14 10:53:50 [DEBUG] - Set up coordinate grid, shape=(16, 2)
2025-10-14 10:53:50 [DEBUG] - M054_jeju_ORO_OLTT_merge: Slide info: 1.0 um/px | 0 ROI(s) | Size: 8568 x 1404
2025-10-14 10:53:50 [DEBUG] - M054_jeju_ORO_OLTT_merge: Grid shape: (16, 2) | Tiles to extract: 32
2025-10-14 10:53:50 [DEBUG] - Error attempting to read level 0
2025-10-14 10:53:50 [DEBUG] - Requesting thumbnail at level=0, width=8568
2025-10-14 10:55:14 [DEBUG] - Microns-Per-Pixel (MPP) not found, Searching EXIF
2025-10-14 10:55:14 [DEBUG] - Using MPP 1.0 per EXIF field 65326
2025-10-14 10:55:14 [DEBUG] - Attempting to read levels from non-standard multi-page TIFF
2025-10-14 10:55:14 [DEBUG] - Read 1 levels.
2025-10-14 10:55:14 [DEBUG] - No ROIs provided for M056_jeju_ORO_OLTT_merge
2025-10-14 10:55:14 [INFO] - No ROI for M056_jeju_ORO_OLTT_merge, using whole slide.
2025-10-14 10:55:14 [DEBUG] - Slide origin: (0, 0)
2025-10-14 10:55:14 [DEBUG] - Set up coordinate grid, shape=(16, 4)
2025-10-14 10:55:14 [DEBUG] - M056_jeju_ORO_OLTT_merge: Slide info: 1.0 um/px | 0 ROI(s) | Size: 8576 x 2368
2025-10-14 10:55:14 [DEBUG] - M056_jeju_ORO_OLTT_merge: Grid shape: (16, 4) | Tiles to extract: 64
2025-10-14 10:55:14 [DEBUG] - Error attempting to read level 0
2025-10-14 10:55:14 [DEBUG] - Requesting thumbnail at level=0, width=8576
2025-10-14 10:58:07 [DEBUG] - Microns-Per-Pixel (MPP) not found, Searching EXIF
2025-10-14 10:58:07 [DEBUG] - Using MPP 1.0 per EXIF field 65326
2025-10-14 10:58:07 [DEBUG] - Attempting to read levels from non-standard multi-page TIFF
2025-10-14 10:58:07 [DEBUG] - Read 1 levels.
2025-10-14 10:58:07 [DEBUG] - No ROIs provided for 643_jeju_ORO_OLTT_merge
2025-10-14 10:58:07 [INFO] - No ROI for 643_jeju_ORO_OLTT_merge, using whole slide.
2025-10-14 10:58:07 [DEBUG] - Slide origin: (0, 0)
2025-10-14 10:58:08 [DEBUG] - Set up coordinate grid, shape=(19, 4)
2025-10-14 10:58:08 [DEBUG] - 643_jeju_ORO_OLTT_merge: Slide info: 1.0 um/px | 0 ROI(s) | Size: 9944 x 2392
2025-10-14 10:58:08 [DEBUG] - 643_jeju_ORO_OLTT_merge: Grid shape: (19, 4) | Tiles to extract: 76
2025-10-14 10:58:08 [DEBUG] - Error attempting to read level 0
2025-10-14 10:58:08 [DEBUG] - Requesting thumbnail at level=0, width=9944
2025-10-14 11:02:54 [DEBUG] - Microns-Per-Pixel (MPP) not found, Searching EXIF
2025-10-14 11:02:54 [DEBUG] - Using MPP 1.0 per EXIF field 65326
2025-10-14 11:02:54 [DEBUG] - Attempting to read levels from non-standard multi-page TIFF
2025-10-14 11:02:54 [DEBUG] - Read 1 levels.
2025-10-14 11:02:54 [DEBUG] - No ROIs provided for M054_jeju1_ORO_OLTT_merge
2025-10-14 11:02:54 [INFO] - No ROI for M054_jeju1_ORO_OLTT_merge, using whole slide.
2025-10-14 11:02:54 [DEBUG] - Slide origin: (0, 0)
2025-10-14 11:02:54 [DEBUG] - Set up coordinate grid, shape=(21, 6)
2025-10-14 11:02:54 [DEBUG] - M054_jeju1_ORO_OLTT_merge: Slide info: 1.0 um/px | 0 ROI(s) | Size: 11196 x 3336
2025-10-14 11:02:54 [DEBUG] - M054_jeju1_ORO_OLTT_merge: Grid shape: (21, 6) | Tiles to extract: 126
2025-10-14 11:02:54 [DEBUG] - Error attempting to read level 0
2025-10-14 11:02:54 [DEBUG] - Requesting thumbnail at level=0, width=11196
2025-10-14 11:05:45 [DEBUG] - Microns-Per-Pixel (MPP) not found, Searching EXIF
2025-10-14 11:05:45 [DEBUG] - Using MPP 1.0 per EXIF field 65326
2025-10-14 11:05:45 [DEBUG] - Attempting to read levels from non-standard multi-page TIFF
2025-10-14 11:05:45 [DEBUG] - Read 1 levels.
2025-10-14 11:05:45 [DEBUG] - No ROIs provided for M096_jeju_ORO_OLTT_merge
2025-10-14 11:05:45 [INFO] - No ROI for M096_jeju_ORO_OLTT_merge, using whole slide.
2025-10-14 11:05:45 [DEBUG] - Slide origin: (0, 0)
2025-10-14 11:05:45 [DEBUG] - Set up coordinate grid, shape=(21, 6)
2025-10-14 11:05:45 [DEBUG] - M096_jeju_ORO_OLTT_merge: Slide info: 1.0 um/px | 0 ROI(s) | Size: 11244 x 3372
2025-10-14 11:05:45 [DEBUG] - M096_jeju_ORO_OLTT_merge: Grid shape: (21, 6) | Tiles to extract: 126
2025-10-14 11:05:45 [DEBUG] - Error attempting to read level 0
2025-10-14 11:05:45 [DEBUG] - Requesting thumbnail at level=0, width=11244
2025-10-14 11:06:39 [DEBUG] - Microns-Per-Pixel (MPP) not found, Searching EXIF
2025-10-14 11:06:39 [DEBUG] - Using MPP 1.0 per EXIF field 65326
2025-10-14 11:06:39 [DEBUG] - Attempting to read levels from non-standard multi-page TIFF
2025-10-14 11:06:39 [DEBUG] - Read 1 levels.
2025-10-14 11:06:39 [DEBUG] - No ROIs provided for 645_jeju1_ORO_OLTT_merge
2025-10-14 11:06:39 [INFO] - No ROI for 645_jeju1_ORO_OLTT_merge, using whole slide.
2025-10-14 11:06:39 [DEBUG] - Slide origin: (0, 0)
2025-10-14 11:06:39 [DEBUG] - Set up coordinate grid, shape=(14, 4)
2025-10-14 11:06:39 [DEBUG] - 645_jeju1_ORO_OLTT_merge: Slide info: 1.0 um/px | 0 ROI(s) | Size: 7272 x 2464
2025-10-14 11:06:39 [DEBUG] - 645_jeju1_ORO_OLTT_merge: Grid shape: (14, 4) | Tiles to extract: 56
2025-10-14 11:06:39 [DEBUG] - Error attempting to read level 0
2025-10-14 11:06:39 [DEBUG] - Requesting thumbnail at level=0, width=7272
2025-10-14 11:11:14 [DEBUG] - Microns-Per-Pixel (MPP) not found, Searching EXIF
2025-10-14 11:11:14 [DEBUG] - Using MPP 1.0 per EXIF field 65326
2025-10-14 11:11:14 [DEBUG] - Attempting to read levels from non-standard multi-page TIFF
2025-10-14 11:11:14 [DEBUG] - Read 1 levels.
2025-10-14 11:11:14 [DEBUG] - No ROIs provided for M056_jeju1_ORO_OLTT_merge
2025-10-14 11:11:14 [INFO] - No ROI for M056_jeju1_ORO_OLTT_merge, using whole slide.
2025-10-14 11:11:14 [DEBUG] - Slide origin: (0, 0)
2025-10-14 11:11:14 [DEBUG] - Set up coordinate grid, shape=(19, 4)
2025-10-14 11:11:14 [DEBUG] - M056_jeju1_ORO_OLTT_merge: Slide info: 1.0 um/px | 0 ROI(s) | Size: 9904 x 2384
2025-10-14 11:11:14 [DEBUG] - M056_jeju1_ORO_OLTT_merge: Grid shape: (19, 4) | Tiles to extract: 76
2025-10-14 11:11:14 [DEBUG] - Error attempting to read level 0
2025-10-14 11:11:14 [DEBUG] - Requesting thumbnail at level=0, width=9904
2025-10-14 11:12:37 [DEBUG] - Microns-Per-Pixel (MPP) not found, Searching EXIF
2025-10-14 11:12:37 [DEBUG] - Using MPP 1.0 per EXIF field 65326
2025-10-14 11:12:37 [DEBUG] - Attempting to read levels from non-standard multi-page TIFF
2025-10-14 11:12:37 [DEBUG] - Read 1 levels.
2025-10-14 11:12:37 [DEBUG] - No ROIs provided for 645_jeju_ORO_OLTT_merge
2025-10-14 11:12:37 [INFO] - No ROI for 645_jeju_ORO_OLTT_merge, using whole slide.
2025-10-14 11:12:37 [DEBUG] - Slide origin: (0, 0)
2025-10-14 11:12:37 [DEBUG] - Set up coordinate grid, shape=(14, 6)
2025-10-14 11:12:37 [DEBUG] - 645_jeju_ORO_OLTT_merge: Slide info: 1.0 um/px | 0 ROI(s) | Size: 7277 x 3468
2025-10-14 11:12:37 [DEBUG] - 645_jeju_ORO_OLTT_merge: Grid shape: (14, 6) | Tiles to extract: 84
2025-10-14 11:12:37 [DEBUG] - Error attempting to read level 0
2025-10-14 11:12:37 [DEBUG] - Requesting thumbnail at level=0, width=7277
2025-10-14 11:15:33 [DEBUG] - Microns-Per-Pixel (MPP) not found, Searching EXIF
2025-10-14 11:15:33 [DEBUG] - Using MPP 1.0 per EXIF field 65326
2025-10-14 11:15:33 [DEBUG] - Attempting to read levels from non-standard multi-page TIFF
2025-10-14 11:15:33 [DEBUG] - Read 1 levels.
2025-10-14 11:15:33 [DEBUG] - No ROIs provided for M054_jeju1_ORO_OLTT_merge
2025-10-14 11:15:33 [INFO] - No ROI for M054_jeju1_ORO_OLTT_merge, using whole slide.
2025-10-14 11:15:33 [DEBUG] - Slide origin: (0, 0)
2025-10-14 11:15:33 [DEBUG] - Set up coordinate grid, shape=(21, 6)
2025-10-14 11:15:33 [DEBUG] - M054_jeju1_ORO_OLTT_merge: Slide info: 1.0 um/px | 0 ROI(s) | Size: 11196 x 3336
2025-10-14 11:15:33 [DEBUG] - M054_jeju1_ORO_OLTT_merge: Grid shape: (21, 6) | Tiles to extract: 126
2025-10-14 11:15:33 [DEBUG] - Error attempting to read level 0
2025-10-14 11:15:33 [DEBUG] - Requesting thumbnail at level=0, width=11196
2025-10-14 11:28:55 [DEBUG] - Microns-Per-Pixel (MPP) not found, Searching EXIF
2025-10-14 11:28:55 [DEBUG] - Using MPP 1.0 per EXIF field 65326
2025-10-14 11:28:55 [DEBUG] - Attempting to read levels from non-standard multi-page TIFF
2025-10-14 11:28:55 [DEBUG] - Read 1 levels.
2025-10-14 11:28:55 [DEBUG] - No ROIs provided for M056_jeju1_ORO_OLTT_merge
2025-10-14 11:28:55 [INFO] - No ROI for M056_jeju1_ORO_OLTT_merge, using whole slide.
2025-10-14 11:28:55 [DEBUG] - Slide origin: (0, 0)
2025-10-14 11:28:55 [DEBUG] - Set up coordinate grid, shape=(19, 4)
2025-10-14 11:28:55 [DEBUG] - M056_jeju1_ORO_OLTT_merge: Slide info: 1.0 um/px | 0 ROI(s) | Size: 9904 x 2384
2025-10-14 11:28:55 [DEBUG] - M056_jeju1_ORO_OLTT_merge: Grid shape: (19, 4) | Tiles to extract: 76
2025-10-14 11:28:55 [DEBUG] - Error attempting to read level 0
2025-10-14 11:28:55 [DEBUG] - Requesting thumbnail at level=0, width=9904
2025-10-14 11:30:21 [DEBUG] - Microns-Per-Pixel (MPP) not found, Searching EXIF
2025-10-14 11:30:21 [DEBUG] - Using MPP 1.0 per EXIF field 65326
2025-10-14 11:30:21 [DEBUG] - Attempting to read levels from non-standard multi-page TIFF
2025-10-14 11:30:21 [DEBUG] - Read 1 levels.
2025-10-14 11:30:21 [DEBUG] - No ROIs provided for M054_jeju_ORO_OLTT_merge
2025-10-14 11:30:21 [INFO] - No ROI for M054_jeju_ORO_OLTT_merge, using whole slide.
2025-10-14 11:30:21 [DEBUG] - Slide origin: (0, 0)
2025-10-14 11:30:21 [DEBUG] - Set up coordinate grid, shape=(16, 2)
2025-10-14 11:30:21 [DEBUG] - M054_jeju_ORO_OLTT_merge: Slide info: 1.0 um/px | 0 ROI(s) | Size: 8568 x 1404
2025-10-14 11:30:21 [DEBUG] - M054_jeju_ORO_OLTT_merge: Grid shape: (16, 2) | Tiles to extract: 32
2025-10-14 11:30:21 [DEBUG] - Error attempting to read level 0
2025-10-14 11:30:21 [DEBUG] - Requesting thumbnail at level=0, width=8568
2025-10-14 11:31:14 [DEBUG] - Microns-Per-Pixel (MPP) not found, Searching EXIF
2025-10-14 11:31:14 [DEBUG] - Using MPP 1.0 per EXIF field 65326
2025-10-14 11:31:14 [DEBUG] - Attempting to read levels from non-standard multi-page TIFF
2025-10-14 11:31:14 [DEBUG] - Read 1 levels.
2025-10-14 11:31:14 [DEBUG] - No ROIs provided for 644_jeju1_ORO_OLTT_merge
2025-10-14 11:31:14 [INFO] - No ROI for 644_jeju1_ORO_OLTT_merge, using whole slide.
2025-10-14 11:31:14 [DEBUG] - Slide origin: (0, 0)
2025-10-14 11:31:14 [DEBUG] - Set up coordinate grid, shape=(19, 6)
2025-10-14 11:31:14 [DEBUG] - 644_jeju1_ORO_OLTT_merge: Slide info: 1.0 um/px | 0 ROI(s) | Size: 9948 x 3372
2025-10-14 11:31:14 [DEBUG] - 644_jeju1_ORO_OLTT_merge: Grid shape: (19, 6) | Tiles to extract: 114
2025-10-14 11:31:14 [DEBUG] - Error attempting to read level 0
2025-10-14 11:31:14 [DEBUG] - Requesting thumbnail at level=0, width=9948
2025-10-14 11:33:50 [DEBUG] - Microns-Per-Pixel (MPP) not found, Searching EXIF
2025-10-14 11:33:50 [DEBUG] - Using MPP 1.0 per EXIF field 65326
2025-10-14 11:33:50 [DEBUG] - Attempting to read levels from non-standard multi-page TIFF
2025-10-14 11:33:50 [DEBUG] - Read 1 levels.
2025-10-14 11:33:50 [DEBUG] - No ROIs provided for 643_jeju_ORO_OLTT_merge
2025-10-14 11:33:50 [INFO] - No ROI for 643_jeju_ORO_OLTT_merge, using whole slide.
2025-10-14 11:33:50 [DEBUG] - Slide origin: (0, 0)
2025-10-14 11:33:50 [DEBUG] - Set up coordinate grid, shape=(19, 4)
2025-10-14 11:33:50 [DEBUG] - 643_jeju_ORO_OLTT_merge: Slide info: 1.0 um/px | 0 ROI(s) | Size: 9944 x 2392
2025-10-14 11:33:50 [DEBUG] - 643_jeju_ORO_OLTT_merge: Grid shape: (19, 4) | Tiles to extract: 76
2025-10-14 11:33:50 [DEBUG] - Error attempting to read level 0
2025-10-14 11:33:50 [DEBUG] - Requesting thumbnail at level=0, width=9944
2025-10-14 11:34:22 [DEBUG] - No ROIs provided for 643_jeju_ORO_OLTT_merge
2025-10-14 11:34:22 [INFO] - No ROI for 643_jeju_ORO_OLTT_merge, using whole slide.
2025-10-14 11:34:22 [DEBUG] - Slide origin: (0, 0)
2025-10-14 11:34:22 [DEBUG] - Set up coordinate grid, shape=(19, 4)
2025-10-14 11:34:22 [DEBUG] - 643_jeju_ORO_OLTT_merge: Slide info: 1.0 um/px | 0 ROI(s) | Size: 9944 x 2392
2025-10-14 11:34:22 [DEBUG] - 643_jeju_ORO_OLTT_merge: Grid shape: (19, 4) | Tiles to extract: 76
2025-10-14 11:34:22 [DEBUG] - Error attempting to read level 0
2025-10-14 11:34:22 [DEBUG] - Requesting thumbnail at level=0, width=9944
2025-10-14 11:37:54 [DEBUG] - Microns-Per-Pixel (MPP) not found, Searching EXIF
2025-10-14 11:37:54 [DEBUG] - Using MPP 1.0 per EXIF field 65326
2025-10-14 11:37:54 [DEBUG] - Attempting to read levels from non-standard multi-page TIFF
2025-10-14 11:37:54 [DEBUG] - Read 1 levels.
2025-10-14 11:37:54 [DEBUG] - No ROIs provided for 643_jeju_ORO_OLTT_merge
2025-10-14 11:37:54 [INFO] - No ROI for 643_jeju_ORO_OLTT_merge, using whole slide.
2025-10-14 11:37:54 [DEBUG] - Slide origin: (0, 0)
2025-10-14 11:37:54 [DEBUG] - Set up coordinate grid, shape=(19, 4)
2025-10-14 11:37:54 [DEBUG] - 643_jeju_ORO_OLTT_merge: Slide info: 1.0 um/px | 0 ROI(s) | Size: 9944 x 2392
2025-10-14 11:37:54 [DEBUG] - 643_jeju_ORO_OLTT_merge: Grid shape: (19, 4) | Tiles to extract: 76
2025-10-14 11:37:54 [DEBUG] - Error attempting to read level 0
2025-10-14 11:37:54 [DEBUG] - Requesting thumbnail at level=0, width=9944
2025-10-14 11:39:25 [DEBUG] - Microns-Per-Pixel (MPP) not found, Searching EXIF
2025-10-14 11:39:25 [DEBUG] - Using MPP 1.0 per EXIF field 65326
2025-10-14 11:39:25 [DEBUG] - Attempting to read levels from non-standard multi-page TIFF
2025-10-14 11:39:25 [DEBUG] - Read 1 levels.
2025-10-14 11:39:25 [DEBUG] - No ROIs provided for 643_jeju_ORO_OLTT_merge
2025-10-14 11:39:25 [INFO] - No ROI for 643_jeju_ORO_OLTT_merge, using whole slide.
2025-10-14 11:39:25 [DEBUG] - Slide origin: (0, 0)
2025-10-14 11:39:25 [DEBUG] - Set up coordinate grid, shape=(19, 4)
2025-10-14 11:39:25 [DEBUG] - 643_jeju_ORO_OLTT_merge: Slide info: 1.0 um/px | 0 ROI(s) | Size: 9944 x 2392
2025-10-14 11:39:25 [DEBUG] - 643_jeju_ORO_OLTT_merge: Grid shape: (19, 4) | Tiles to extract: 76
2025-10-14 11:39:25 [DEBUG] - Error attempting to read level 0
2025-10-14 11:39:25 [DEBUG] - Requesting thumbnail at level=0, width=9944
2025-10-14 11:41:51 [DEBUG] - Microns-Per-Pixel (MPP) not found, Searching EXIF
2025-10-14 11:41:51 [DEBUG] - Using MPP 1.0 per EXIF field 65326
2025-10-14 11:41:51 [DEBUG] - Attempting to read levels from non-standard multi-page TIFF
2025-10-14 11:41:51 [DEBUG] - Read 1 levels.
2025-10-14 11:41:51 [DEBUG] - No ROIs provided for 643_jeju_ORO_OLTT_merge
2025-10-14 11:41:51 [INFO] - No ROI for 643_jeju_ORO_OLTT_merge, using whole slide.
2025-10-14 11:41:51 [DEBUG] - Slide origin: (0, 0)
2025-10-14 11:41:51 [DEBUG] - Set up coordinate grid, shape=(19, 4)
2025-10-14 11:41:51 [DEBUG] - 643_jeju_ORO_OLTT_merge: Slide info: 1.0 um/px | 0 ROI(s) | Size: 9944 x 2392
2025-10-14 11:41:51 [DEBUG] - 643_jeju_ORO_OLTT_merge: Grid shape: (19, 4) | Tiles to extract: 76
2025-10-14 11:41:51 [DEBUG] - Error attempting to read level 0
2025-10-14 11:41:51 [DEBUG] - Requesting thumbnail at level=0, width=9944
2025-10-14 11:43:43 [DEBUG] - Microns-Per-Pixel (MPP) not found, Searching EXIF
2025-10-14 11:43:43 [DEBUG] - Using MPP 1.0 per EXIF field 65326
2025-10-14 11:43:43 [DEBUG] - Attempting to read levels from non-standard multi-page TIFF
2025-10-14 11:43:43 [DEBUG] - Read 1 levels.
2025-10-14 11:43:43 [DEBUG] - No ROIs provided for 643_jeju_ORO_OLTT_merge
2025-10-14 11:43:43 [INFO] - No ROI for 643_jeju_ORO_OLTT_merge, using whole slide.
2025-10-14 11:43:43 [DEBUG] - Slide origin: (0, 0)
2025-10-14 11:43:43 [DEBUG] - Set up coordinate grid, shape=(19, 4)
2025-10-14 11:43:43 [DEBUG] - 643_jeju_ORO_OLTT_merge: Slide info: 1.0 um/px | 0 ROI(s) | Size: 9944 x 2392
2025-10-14 11:43:43 [DEBUG] - 643_jeju_ORO_OLTT_merge: Grid shape: (19, 4) | Tiles to extract: 76
2025-10-14 11:43:43 [DEBUG] - Error attempting to read level 0
2025-10-14 11:43:43 [DEBUG] - Requesting thumbnail at level=0, width=9944
2025-10-14 11:51:35 [DEBUG] - Microns-Per-Pixel (MPP) not found, Searching EXIF
2025-10-14 11:51:35 [DEBUG] - Using MPP 1.0 per EXIF field 65326
2025-10-14 11:51:35 [DEBUG] - Attempting to read levels from non-standard multi-page TIFF
2025-10-14 11:51:35 [DEBUG] - Read 1 levels.
2025-10-14 11:51:35 [DEBUG] - No ROIs provided for 643_jeju_ORO_OLTT_merge
2025-10-14 11:51:35 [INFO] - No ROI for 643_jeju_ORO_OLTT_merge, using whole slide.
2025-10-14 11:51:35 [DEBUG] - Slide origin: (0, 0)
2025-10-14 11:51:35 [DEBUG] - Set up coordinate grid, shape=(19, 4)
2025-10-14 11:51:35 [DEBUG] - 643_jeju_ORO_OLTT_merge: Slide info: 1.0 um/px | 0 ROI(s) | Size: 9944 x 2392
2025-10-14 11:51:35 [DEBUG] - 643_jeju_ORO_OLTT_merge: Grid shape: (19, 4) | Tiles to extract: 76
2025-10-14 11:51:35 [DEBUG] - Error attempting to read level 0
2025-10-14 11:51:35 [DEBUG] - Requesting thumbnail at level=0, width=9944
2025-10-14 11:52:27 [DEBUG] - Microns-Per-Pixel (MPP) not found, Searching EXIF
2025-10-14 11:52:27 [DEBUG] - Using MPP 1.0 per EXIF field 65326
2025-10-14 11:52:27 [DEBUG] - Attempting to read levels from non-standard multi-page TIFF
2025-10-14 11:52:27 [DEBUG] - Read 1 levels.
2025-10-14 11:52:27 [DEBUG] - No ROIs provided for 643_jeju_ORO_OLTT_merge
2025-10-14 11:52:27 [INFO] - No ROI for 643_jeju_ORO_OLTT_merge, using whole slide.
2025-10-14 11:52:27 [DEBUG] - Slide origin: (0, 0)
2025-10-14 11:52:27 [DEBUG] - Set up coordinate grid, shape=(19, 4)
2025-10-14 11:52:27 [DEBUG] - 643_jeju_ORO_OLTT_merge: Slide info: 1.0 um/px | 0 ROI(s) | Size: 9944 x 2392
2025-10-14 11:52:27 [DEBUG] - 643_jeju_ORO_OLTT_merge: Grid shape: (19, 4) | Tiles to extract: 76
2025-10-14 11:52:27 [DEBUG] - Error attempting to read level 0
2025-10-14 11:52:27 [DEBUG] - Requesting thumbnail at level=0, width=9944
2025-10-14 11:55:09 [DEBUG] - Microns-Per-Pixel (MPP) not found, Searching EXIF
2025-10-14 11:55:09 [DEBUG] - Using MPP 1.0 per EXIF field 65326
2025-10-14 11:55:09 [DEBUG] - Attempting to read levels from non-standard multi-page TIFF
2025-10-14 11:55:09 [DEBUG] - Read 1 levels.
2025-10-14 11:55:09 [DEBUG] - No ROIs provided for 643_jeju_ORO_OLTT_merge
2025-10-14 11:55:09 [INFO] - No ROI for 643_jeju_ORO_OLTT_merge, using whole slide.
2025-10-14 11:55:09 [DEBUG] - Slide origin: (0, 0)
2025-10-14 11:55:09 [DEBUG] - Set up coordinate grid, shape=(19, 4)
2025-10-14 11:55:09 [DEBUG] - 643_jeju_ORO_OLTT_merge: Slide info: 1.0 um/px | 0 ROI(s) | Size: 9944 x 2392
2025-10-14 11:55:09 [DEBUG] - 643_jeju_ORO_OLTT_merge: Grid shape: (19, 4) | Tiles to extract: 76
2025-10-14 11:55:09 [DEBUG] - Error attempting to read level 0
2025-10-14 11:55:09 [DEBUG] - Requesting thumbnail at level=0, width=9944
2025-10-14 11:56:29 [DEBUG] - Microns-Per-Pixel (MPP) not found, Searching EXIF
2025-10-14 11:56:29 [DEBUG] - Using MPP 1.0 per EXIF field 65326
2025-10-14 11:56:29 [DEBUG] - Attempting to read levels from non-standard multi-page TIFF
2025-10-14 11:56:29 [DEBUG] - Read 1 levels.
2025-10-14 11:56:29 [DEBUG] - No ROIs provided for 643_jeju_ORO_OLTT_merge
2025-10-14 11:56:29 [INFO] - No ROI for 643_jeju_ORO_OLTT_merge, using whole slide.
2025-10-14 11:56:29 [DEBUG] - Slide origin: (0, 0)
2025-10-14 11:56:29 [DEBUG] - Set up coordinate grid, shape=(19, 4)
2025-10-14 11:56:29 [DEBUG] - 643_jeju_ORO_OLTT_merge: Slide info: 1.0 um/px | 0 ROI(s) | Size: 9944 x 2392
2025-10-14 11:56:29 [DEBUG] - 643_jeju_ORO_OLTT_merge: Grid shape: (19, 4) | Tiles to extract: 76
2025-10-14 11:56:29 [DEBUG] - Error attempting to read level 0
2025-10-14 11:56:29 [DEBUG] - Requesting thumbnail at level=0, width=9944
2025-10-14 11:57:27 [DEBUG] - Microns-Per-Pixel (MPP) not found, Searching EXIF
2025-10-14 11:57:27 [DEBUG] - Using MPP 1.0 per EXIF field 65326
2025-10-14 11:57:27 [DEBUG] - Attempting to read levels from non-standard multi-page TIFF
2025-10-14 11:57:27 [DEBUG] - Read 1 levels.
2025-10-14 11:57:27 [DEBUG] - No ROIs provided for 643_jeju_ORO_OLTT_merge
2025-10-14 11:57:27 [INFO] - No ROI for 643_jeju_ORO_OLTT_merge, using whole slide.
2025-10-14 11:57:27 [DEBUG] - Slide origin: (0, 0)
2025-10-14 11:57:27 [DEBUG] - Set up coordinate grid, shape=(19, 4)
2025-10-14 11:57:27 [DEBUG] - 643_jeju_ORO_OLTT_merge: Slide info: 1.0 um/px | 0 ROI(s) | Size: 9944 x 2392
2025-10-14 11:57:27 [DEBUG] - 643_jeju_ORO_OLTT_merge: Grid shape: (19, 4) | Tiles to extract: 76
2025-10-14 11:57:27 [DEBUG] - Error attempting to read level 0
2025-10-14 11:57:27 [DEBUG] - Requesting thumbnail at level=0, width=9944
2025-10-14 12:03:18 [DEBUG] - Microns-Per-Pixel (MPP) not found, Searching EXIF
2025-10-14 12:03:18 [DEBUG] - Using MPP 1.0 per EXIF field 65326
2025-10-14 12:03:18 [DEBUG] - Attempting to read levels from non-standard multi-page TIFF
2025-10-14 12:03:18 [DEBUG] - Read 1 levels.
2025-10-14 12:03:18 [DEBUG] - No ROIs provided for 643_jeju_ORO_OLTT_merge
2025-10-14 12:03:18 [INFO] - No ROI for 643_jeju_ORO_OLTT_merge, using whole slide.
2025-10-14 12:03:18 [DEBUG] - Slide origin: (0, 0)
2025-10-14 12:03:18 [DEBUG] - Set up coordinate grid, shape=(19, 4)
2025-10-14 12:03:18 [DEBUG] - 643_jeju_ORO_OLTT_merge: Slide info: 1.0 um/px | 0 ROI(s) | Size: 9944 x 2392
2025-10-14 12:03:18 [DEBUG] - 643_jeju_ORO_OLTT_merge: Grid shape: (19, 4) | Tiles to extract: 76
2025-10-14 12:03:18 [DEBUG] - Error attempting to read level 0
2025-10-14 12:03:18 [DEBUG] - Requesting thumbnail at level=0, width=9944
2025-10-14 12:49:34 [DEBUG] - Microns-Per-Pixel (MPP) not found, Searching EXIF
2025-10-14 12:49:34 [DEBUG] - Using MPP 1.0 per EXIF field 65326
2025-10-14 12:49:34 [DEBUG] - Attempting to read levels from non-standard multi-page TIFF
2025-10-14 12:49:34 [DEBUG] - Read 1 levels.
2025-10-14 12:49:34 [DEBUG] - No ROIs provided for 643_jeju_ORO_OLTT_merge
2025-10-14 12:49:34 [INFO] - No ROI for 643_jeju_ORO_OLTT_merge, using whole slide.
2025-10-14 12:49:34 [DEBUG] - Slide origin: (0, 0)
2025-10-14 12:49:34 [DEBUG] - Set up coordinate grid, shape=(19, 4)
2025-10-14 12:49:34 [DEBUG] - 643_jeju_ORO_OLTT_merge: Slide info: 1.0 um/px | 0 ROI(s) | Size: 9944 x 2392
2025-10-14 12:49:34 [DEBUG] - 643_jeju_ORO_OLTT_merge: Grid shape: (19, 4) | Tiles to extract: 76
2025-10-14 12:49:34 [DEBUG] - Error attempting to read level 0
2025-10-14 12:49:34 [DEBUG] - Requesting thumbnail at level=0, width=9944
2025-10-14 12:51:43 [DEBUG] - Microns-Per-Pixel (MPP) not found, Searching EXIF
2025-10-14 12:51:43 [DEBUG] - Using MPP 1.0 per EXIF field 65326
2025-10-14 12:51:43 [DEBUG] - Attempting to read levels from non-standard multi-page TIFF
2025-10-14 12:51:43 [DEBUG] - Read 1 levels.
2025-10-14 12:51:43 [DEBUG] - No ROIs provided for 643_jeju_ORO_OLTT_merge
2025-10-14 12:51:43 [INFO] - No ROI for 643_jeju_ORO_OLTT_merge, using whole slide.
2025-10-14 12:51:43 [DEBUG] - Slide origin: (0, 0)
2025-10-14 12:51:43 [DEBUG] - Set up coordinate grid, shape=(19, 4)
2025-10-14 12:51:43 [DEBUG] - 643_jeju_ORO_OLTT_merge: Slide info: 1.0 um/px | 0 ROI(s) | Size: 9944 x 2392
2025-10-14 12:51:43 [DEBUG] - 643_jeju_ORO_OLTT_merge: Grid shape: (19, 4) | Tiles to extract: 76
2025-10-14 12:51:43 [DEBUG] - Error attempting to read level 0
2025-10-14 12:51:43 [DEBUG] - Requesting thumbnail at level=0, width=9944
2025-10-14 12:58:26 [DEBUG] - Microns-Per-Pixel (MPP) not found, Searching EXIF
2025-10-14 12:58:26 [DEBUG] - Using MPP 1.0 per EXIF field 65326
2025-10-14 12:58:26 [DEBUG] - Attempting to read levels from non-standard multi-page TIFF
2025-10-14 12:58:26 [DEBUG] - Read 1 levels.
2025-10-14 12:58:26 [DEBUG] - No ROIs provided for 643_jeju_ORO_OLTT_merge
2025-10-14 12:58:26 [INFO] - No ROI for 643_jeju_ORO_OLTT_merge, using whole slide.
2025-10-14 12:58:26 [DEBUG] - Slide origin: (0, 0)
2025-10-14 12:58:26 [DEBUG] - Set up coordinate grid, shape=(19, 4)
2025-10-14 12:58:26 [DEBUG] - 643_jeju_ORO_OLTT_merge: Slide info: 1.0 um/px | 0 ROI(s) | Size: 9944 x 2392
2025-10-14 12:58:26 [DEBUG] - 643_jeju_ORO_OLTT_merge: Grid shape: (19, 4) | Tiles to extract: 76
2025-10-14 12:58:26 [DEBUG] - Error attempting to read level 0
2025-10-14 12:58:26 [DEBUG] - Requesting thumbnail at level=0, width=9944
2025-10-14 12:59:42 [DEBUG] - Microns-Per-Pixel (MPP) not found, Searching EXIF
2025-10-14 12:59:42 [DEBUG] - Using MPP 1.0 per EXIF field 65326
2025-10-14 12:59:42 [DEBUG] - Attempting to read levels from non-standard multi-page TIFF
2025-10-14 12:59:42 [DEBUG] - Read 1 levels.
2025-10-14 12:59:42 [DEBUG] - No ROIs provided for 643_jeju_ORO_OLTT_merge
2025-10-14 12:59:42 [INFO] - No ROI for 643_jeju_ORO_OLTT_merge, using whole slide.
2025-10-14 12:59:42 [DEBUG] - Slide origin: (0, 0)
2025-10-14 12:59:42 [DEBUG] - Set up coordinate grid, shape=(19, 4)
2025-10-14 12:59:42 [DEBUG] - 643_jeju_ORO_OLTT_merge: Slide info: 1.0 um/px | 0 ROI(s) | Size: 9944 x 2392
2025-10-14 12:59:42 [DEBUG] - 643_jeju_ORO_OLTT_merge: Grid shape: (19, 4) | Tiles to extract: 76
2025-10-14 12:59:42 [DEBUG] - Error attempting to read level 0
2025-10-14 12:59:42 [DEBUG] - Requesting thumbnail at level=0, width=9944
2025-10-14 13:05:57 [DEBUG] - Microns-Per-Pixel (MPP) not found, Searching EXIF
2025-10-14 13:05:57 [DEBUG] - Using MPP 1.0 per EXIF field 65326
2025-10-14 13:05:57 [DEBUG] - Attempting to read levels from non-standard multi-page TIFF
2025-10-14 13:05:57 [DEBUG] - Read 1 levels.
2025-10-14 13:05:57 [DEBUG] - No ROIs provided for 643_jeju_ORO_OLTT_merge
2025-10-14 13:05:57 [INFO] - No ROI for 643_jeju_ORO_OLTT_merge, using whole slide.
2025-10-14 13:05:57 [DEBUG] - Slide origin: (0, 0)
2025-10-14 13:05:57 [DEBUG] - Set up coordinate grid, shape=(19, 4)
2025-10-14 13:05:57 [DEBUG] - 643_jeju_ORO_OLTT_merge: Slide info: 1.0 um/px | 0 ROI(s) | Size: 9944 x 2392
2025-10-14 13:05:57 [DEBUG] - 643_jeju_ORO_OLTT_merge: Grid shape: (19, 4) | Tiles to extract: 76
2025-10-14 13:05:57 [DEBUG] - Error attempting to read level 0
2025-10-14 13:05:57 [DEBUG] - Requesting thumbnail at level=0, width=9944
2025-10-14 13:09:08 [DEBUG] - Microns-Per-Pixel (MPP) not found, Searching EXIF
2025-10-14 13:09:08 [DEBUG] - Using MPP 1.0 per EXIF field 65326
2025-10-14 13:09:08 [DEBUG] - Attempting to read levels from non-standard multi-page TIFF
2025-10-14 13:09:08 [DEBUG] - Read 1 levels.
2025-10-14 13:09:08 [DEBUG] - No ROIs provided for 643_jeju_ORO_OLTT_merge
2025-10-14 13:09:08 [INFO] - No ROI for 643_jeju_ORO_OLTT_merge, using whole slide.
2025-10-14 13:09:08 [DEBUG] - Slide origin: (0, 0)
2025-10-14 13:09:08 [DEBUG] - Set up coordinate grid, shape=(19, 4)
2025-10-14 13:09:08 [DEBUG] - 643_jeju_ORO_OLTT_merge: Slide info: 1.0 um/px | 0 ROI(s) | Size: 9944 x 2392
2025-10-14 13:09:08 [DEBUG] - 643_jeju_ORO_OLTT_merge: Grid shape: (19, 4) | Tiles to extract: 76
2025-10-14 13:09:08 [DEBUG] - Error attempting to read level 0
2025-10-14 13:09:08 [DEBUG] - Requesting thumbnail at level=0, width=9944
2025-10-14 13:18:56 [DEBUG] - Microns-Per-Pixel (MPP) not found, Searching EXIF
2025-10-14 13:18:56 [DEBUG] - Using MPP 1.0 per EXIF field 65326
2025-10-14 13:18:56 [DEBUG] - Attempting to read levels from non-standard multi-page TIFF
2025-10-14 13:18:56 [DEBUG] - Read 1 levels.
2025-10-14 13:18:56 [DEBUG] - No ROIs provided for 643_jeju_ORO_OLTT_merge
2025-10-14 13:18:56 [INFO] - No ROI for 643_jeju_ORO_OLTT_merge, using whole slide.
2025-10-14 13:18:56 [DEBUG] - Slide origin: (0, 0)
2025-10-14 13:18:56 [DEBUG] - Set up coordinate grid, shape=(19, 4)
2025-10-14 13:18:56 [DEBUG] - 643_jeju_ORO_OLTT_merge: Slide info: 1.0 um/px | 0 ROI(s) | Size: 9944 x 2392
2025-10-14 13:18:56 [DEBUG] - 643_jeju_ORO_OLTT_merge: Grid shape: (19, 4) | Tiles to extract: 76
2025-10-14 13:18:56 [DEBUG] - Error attempting to read level 0
2025-10-14 13:18:56 [DEBUG] - Requesting thumbnail at level=0, width=9944
2025-10-14 13:22:16 [DEBUG] - Microns-Per-Pixel (MPP) not found, Searching EXIF
2025-10-14 13:22:16 [DEBUG] - Using MPP 1.0 per EXIF field 65326
2025-10-14 13:22:16 [DEBUG] - Attempting to read levels from non-standard multi-page TIFF
2025-10-14 13:22:16 [DEBUG] - Read 1 levels.
2025-10-14 13:22:16 [DEBUG] - No ROIs provided for 643_jeju_ORO_OLTT_merge
2025-10-14 13:22:16 [INFO] - No ROI for 643_jeju_ORO_OLTT_merge, using whole slide.
2025-10-14 13:22:16 [DEBUG] - Slide origin: (0, 0)
2025-10-14 13:22:16 [DEBUG] - Set up coordinate grid, shape=(19, 4)
2025-10-14 13:22:16 [DEBUG] - 643_jeju_ORO_OLTT_merge: Slide info: 1.0 um/px | 0 ROI(s) | Size: 9944 x 2392
2025-10-14 13:22:16 [DEBUG] - 643_jeju_ORO_OLTT_merge: Grid shape: (19, 4) | Tiles to extract: 76
2025-10-14 13:22:16 [DEBUG] - Error attempting to read level 0
2025-10-14 13:22:16 [DEBUG] - Requesting thumbnail at level=0, width=9944
2025-10-14 13:27:36 [DEBUG] - Microns-Per-Pixel (MPP) not found, Searching EXIF
2025-10-14 13:27:36 [DEBUG] - Using MPP 1.0 per EXIF field 65326
2025-10-14 13:27:36 [DEBUG] - Attempting to read levels from non-standard multi-page TIFF
2025-10-14 13:27:36 [DEBUG] - Read 1 levels.
2025-10-14 13:27:36 [DEBUG] - No ROIs provided for 645_jeju1_ORO_OLTT_merge
2025-10-14 13:27:36 [INFO] - No ROI for 645_jeju1_ORO_OLTT_merge, using whole slide.
2025-10-14 13:27:36 [DEBUG] - Slide origin: (0, 0)
2025-10-14 13:27:36 [DEBUG] - Set up coordinate grid, shape=(14, 4)
2025-10-14 13:27:36 [DEBUG] - 645_jeju1_ORO_OLTT_merge: Slide info: 1.0 um/px | 0 ROI(s) | Size: 7272 x 2464
2025-10-14 13:27:36 [DEBUG] - 645_jeju1_ORO_OLTT_merge: Grid shape: (14, 4) | Tiles to extract: 56
2025-10-14 13:27:36 [DEBUG] - Error attempting to read level 0
2025-10-14 13:27:36 [DEBUG] - Requesting thumbnail at level=0, width=7272
2025-10-14 13:28:22 [DEBUG] - No ROIs provided for 645_jeju1_ORO_OLTT_merge
2025-10-14 13:28:22 [INFO] - No ROI for 645_jeju1_ORO_OLTT_merge, using whole slide.
2025-10-14 13:28:22 [DEBUG] - Slide origin: (0, 0)
2025-10-14 13:28:22 [DEBUG] - Set up coordinate grid, shape=(14, 4)
2025-10-14 13:28:22 [DEBUG] - 645_jeju1_ORO_OLTT_merge: Slide info: 1.0 um/px | 0 ROI(s) | Size: 7272 x 2464
2025-10-14 13:28:22 [DEBUG] - 645_jeju1_ORO_OLTT_merge: Grid shape: (14, 4) | Tiles to extract: 56
2025-10-14 13:28:22 [DEBUG] - Error attempting to read level 0
2025-10-14 13:28:22 [DEBUG] - Requesting thumbnail at level=0, width=7272
2025-10-14 13:33:54 [DEBUG] - Microns-Per-Pixel (MPP) not found, Searching EXIF
2025-10-14 13:33:54 [DEBUG] - Using MPP 1.0 per EXIF field 65326
2025-10-14 13:33:54 [DEBUG] - Attempting to read levels from non-standard multi-page TIFF
2025-10-14 13:33:54 [DEBUG] - Read 1 levels.
2025-10-14 13:33:54 [DEBUG] - No ROIs provided for 645_jeju1_ORO_OLTT_merge
2025-10-14 13:33:54 [INFO] - No ROI for 645_jeju1_ORO_OLTT_merge, using whole slide.
2025-10-14 13:33:54 [DEBUG] - Slide origin: (0, 0)
2025-10-14 13:33:54 [DEBUG] - Set up coordinate grid, shape=(14, 4)
2025-10-14 13:33:54 [DEBUG] - 645_jeju1_ORO_OLTT_merge: Slide info: 1.0 um/px | 0 ROI(s) | Size: 7272 x 2464
2025-10-14 13:33:54 [DEBUG] - 645_jeju1_ORO_OLTT_merge: Grid shape: (14, 4) | Tiles to extract: 56
2025-10-14 13:33:54 [DEBUG] - Error attempting to read level 0
2025-10-14 13:33:54 [DEBUG] - Requesting thumbnail at level=0, width=7272
2025-10-14 13:34:29 [DEBUG] - Microns-Per-Pixel (MPP) not found, Searching EXIF
2025-10-14 13:34:29 [DEBUG] - Using MPP 1.0 per EXIF field 65326
2025-10-14 13:34:29 [DEBUG] - Attempting to read levels from non-standard multi-page TIFF
2025-10-14 13:34:29 [DEBUG] - Read 1 levels.
2025-10-14 13:34:29 [DEBUG] - No ROIs provided for 645_jeju1_ORO_OLTT_merge
2025-10-14 13:34:29 [INFO] - No ROI for 645_jeju1_ORO_OLTT_merge, using whole slide.
2025-10-14 13:34:29 [DEBUG] - Slide origin: (0, 0)
2025-10-14 13:34:29 [DEBUG] - Set up coordinate grid, shape=(14, 4)
2025-10-14 13:34:29 [DEBUG] - 645_jeju1_ORO_OLTT_merge: Slide info: 1.0 um/px | 0 ROI(s) | Size: 7272 x 2464
2025-10-14 13:34:29 [DEBUG] - 645_jeju1_ORO_OLTT_merge: Grid shape: (14, 4) | Tiles to extract: 56
2025-10-14 13:34:29 [DEBUG] - Error attempting to read level 0
2025-10-14 13:34:29 [DEBUG] - Requesting thumbnail at level=0, width=7272
2025-10-14 13:35:46 [DEBUG] - Microns-Per-Pixel (MPP) not found, Searching EXIF
2025-10-14 13:35:46 [DEBUG] - Using MPP 1.0 per EXIF field 65326
2025-10-14 13:35:46 [DEBUG] - Attempting to read levels from non-standard multi-page TIFF
2025-10-14 13:35:46 [DEBUG] - Read 1 levels.
2025-10-14 13:35:46 [DEBUG] - No ROIs provided for 645_jeju1_ORO_OLTT_merge
2025-10-14 13:35:46 [INFO] - No ROI for 645_jeju1_ORO_OLTT_merge, using whole slide.
2025-10-14 13:35:46 [DEBUG] - Slide origin: (0, 0)
2025-10-14 13:35:46 [DEBUG] - Set up coordinate grid, shape=(14, 4)
2025-10-14 13:35:46 [DEBUG] - 645_jeju1_ORO_OLTT_merge: Slide info: 1.0 um/px | 0 ROI(s) | Size: 7272 x 2464
2025-10-14 13:35:46 [DEBUG] - 645_jeju1_ORO_OLTT_merge: Grid shape: (14, 4) | Tiles to extract: 56
2025-10-14 13:35:46 [DEBUG] - Error attempting to read level 0
2025-10-14 13:35:46 [DEBUG] - Requesting thumbnail at level=0, width=7272
2025-10-14 13:38:00 [DEBUG] - Microns-Per-Pixel (MPP) not found, Searching EXIF
2025-10-14 13:38:00 [DEBUG] - Using MPP 1.0 per EXIF field 65326
2025-10-14 13:38:00 [DEBUG] - Attempting to read levels from non-standard multi-page TIFF
2025-10-14 13:38:00 [DEBUG] - Read 1 levels.
2025-10-14 13:38:00 [DEBUG] - No ROIs provided for 645_jeju1_ORO_OLTT_merge
2025-10-14 13:38:00 [INFO] - No ROI for 645_jeju1_ORO_OLTT_merge, using whole slide.
2025-10-14 13:38:00 [DEBUG] - Slide origin: (0, 0)
2025-10-14 13:38:00 [DEBUG] - Set up coordinate grid, shape=(14, 4)
2025-10-14 13:38:00 [DEBUG] - 645_jeju1_ORO_OLTT_merge: Slide info: 1.0 um/px | 0 ROI(s) | Size: 7272 x 2464
2025-10-14 13:38:00 [DEBUG] - 645_jeju1_ORO_OLTT_merge: Grid shape: (14, 4) | Tiles to extract: 56
2025-10-14 13:38:00 [DEBUG] - Error attempting to read level 0
2025-10-14 13:38:00 [DEBUG] - Requesting thumbnail at level=0, width=7272
2025-10-14 13:40:01 [DEBUG] - Microns-Per-Pixel (MPP) not found, Searching EXIF
2025-10-14 13:40:01 [DEBUG] - Using MPP 1.0 per EXIF field 65326
2025-10-14 13:40:01 [DEBUG] - Attempting to read levels from non-standard multi-page TIFF
2025-10-14 13:40:01 [DEBUG] - Read 1 levels.
2025-10-14 13:40:01 [DEBUG] - No ROIs provided for 645_jeju1_ORO_OLTT_merge
2025-10-14 13:40:01 [INFO] - No ROI for 645_jeju1_ORO_OLTT_merge, using whole slide.
2025-10-14 13:40:01 [DEBUG] - Slide origin: (0, 0)
2025-10-14 13:40:01 [DEBUG] - Set up coordinate grid, shape=(14, 4)
2025-10-14 13:40:01 [DEBUG] - 645_jeju1_ORO_OLTT_merge: Slide info: 1.0 um/px | 0 ROI(s) | Size: 7272 x 2464
2025-10-14 13:40:01 [DEBUG] - 645_jeju1_ORO_OLTT_merge: Grid shape: (14, 4) | Tiles to extract: 56
2025-10-14 13:40:01 [DEBUG] - Error attempting to read level 0
2025-10-14 13:40:01 [DEBUG] - Requesting thumbnail at level=0, width=7272
2025-10-14 13:42:33 [DEBUG] - Microns-Per-Pixel (MPP) not found, Searching EXIF
2025-10-14 13:42:33 [DEBUG] - Using MPP 1.0 per EXIF field 65326
2025-10-14 13:42:33 [DEBUG] - Attempting to read levels from non-standard multi-page TIFF
2025-10-14 13:42:33 [DEBUG] - Read 1 levels.
2025-10-14 13:42:33 [DEBUG] - No ROIs provided for 645_jeju1_ORO_OLTT_merge
2025-10-14 13:42:33 [INFO] - No ROI for 645_jeju1_ORO_OLTT_merge, using whole slide.
2025-10-14 13:42:33 [DEBUG] - Slide origin: (0, 0)
2025-10-14 13:42:33 [DEBUG] - Set up coordinate grid, shape=(14, 4)
2025-10-14 13:42:33 [DEBUG] - 645_jeju1_ORO_OLTT_merge: Slide info: 1.0 um/px | 0 ROI(s) | Size: 7272 x 2464
2025-10-14 13:42:33 [DEBUG] - 645_jeju1_ORO_OLTT_merge: Grid shape: (14, 4) | Tiles to extract: 56
2025-10-14 13:42:33 [DEBUG] - Error attempting to read level 0
2025-10-14 13:42:33 [DEBUG] - Requesting thumbnail at level=0, width=7272
2025-10-14 13:43:39 [DEBUG] - Microns-Per-Pixel (MPP) not found, Searching EXIF
2025-10-14 13:43:39 [DEBUG] - Using MPP 1.0 per EXIF field 65326
2025-10-14 13:43:39 [DEBUG] - Attempting to read levels from non-standard multi-page TIFF
2025-10-14 13:43:39 [DEBUG] - Read 1 levels.
2025-10-14 13:43:39 [DEBUG] - No ROIs provided for M057_jeju_ORO_OLTT_merge
2025-10-14 13:43:39 [INFO] - No ROI for M057_jeju_ORO_OLTT_merge, using whole slide.
2025-10-14 13:43:39 [DEBUG] - Slide origin: (0, 0)
2025-10-14 13:43:39 [DEBUG] - Set up coordinate grid, shape=(16, 6)
2025-10-14 13:43:39 [DEBUG] - M057_jeju_ORO_OLTT_merge: Slide info: 1.0 um/px | 0 ROI(s) | Size: 8580 x 3384
2025-10-14 13:43:39 [DEBUG] - M057_jeju_ORO_OLTT_merge: Grid shape: (16, 6) | Tiles to extract: 96
2025-10-14 13:43:39 [DEBUG] - Error attempting to read level 0
2025-10-14 13:43:39 [DEBUG] - Requesting thumbnail at level=0, width=8580
2025-10-14 13:45:55 [DEBUG] - Microns-Per-Pixel (MPP) not found, Searching EXIF
2025-10-14 13:45:55 [DEBUG] - Using MPP 1.0 per EXIF field 65326
2025-10-14 13:45:55 [DEBUG] - Attempting to read levels from non-standard multi-page TIFF
2025-10-14 13:45:55 [DEBUG] - Read 1 levels.
2025-10-14 13:45:55 [DEBUG] - No ROIs provided for M057_jeju_ORO_OLTT_merge
2025-10-14 13:45:55 [INFO] - No ROI for M057_jeju_ORO_OLTT_merge, using whole slide.
2025-10-14 13:45:55 [DEBUG] - Slide origin: (0, 0)
2025-10-14 13:45:55 [DEBUG] - Set up coordinate grid, shape=(16, 6)
2025-10-14 13:45:55 [DEBUG] - M057_jeju_ORO_OLTT_merge: Slide info: 1.0 um/px | 0 ROI(s) | Size: 8580 x 3384
2025-10-14 13:45:55 [DEBUG] - M057_jeju_ORO_OLTT_merge: Grid shape: (16, 6) | Tiles to extract: 96
2025-10-14 13:45:55 [DEBUG] - Error attempting to read level 0
2025-10-14 13:45:55 [DEBUG] - Requesting thumbnail at level=0, width=8580
2025-10-14 13:47:18 [DEBUG] - Microns-Per-Pixel (MPP) not found, Searching EXIF
2025-10-14 13:47:18 [DEBUG] - Using MPP 1.0 per EXIF field 65326
2025-10-14 13:47:18 [DEBUG] - Attempting to read levels from non-standard multi-page TIFF
2025-10-14 13:47:18 [DEBUG] - Read 1 levels.
2025-10-14 13:47:18 [DEBUG] - No ROIs provided for 643_jeju_ORO_OLTT_merge
2025-10-14 13:47:18 [INFO] - No ROI for 643_jeju_ORO_OLTT_merge, using whole slide.
2025-10-14 13:47:18 [DEBUG] - Slide origin: (0, 0)
2025-10-14 13:47:18 [DEBUG] - Set up coordinate grid, shape=(19, 4)
2025-10-14 13:47:18 [DEBUG] - 643_jeju_ORO_OLTT_merge: Slide info: 1.0 um/px | 0 ROI(s) | Size: 9944 x 2392
2025-10-14 13:47:18 [DEBUG] - 643_jeju_ORO_OLTT_merge: Grid shape: (19, 4) | Tiles to extract: 76
2025-10-14 13:47:18 [DEBUG] - Error attempting to read level 0
2025-10-14 13:47:18 [DEBUG] - Requesting thumbnail at level=0, width=9944
2025-10-14 13:48:09 [DEBUG] - Microns-Per-Pixel (MPP) not found, Searching EXIF
2025-10-14 13:48:09 [DEBUG] - Using MPP 1.0 per EXIF field 65326
2025-10-14 13:48:09 [DEBUG] - Attempting to read levels from non-standard multi-page TIFF
2025-10-14 13:48:09 [DEBUG] - Read 1 levels.
2025-10-14 13:48:09 [DEBUG] - No ROIs provided for M118_jeju_ORO_OLTT_merge
2025-10-14 13:48:09 [INFO] - No ROI for M118_jeju_ORO_OLTT_merge, using whole slide.
2025-10-14 13:48:09 [DEBUG] - Slide origin: (0, 0)
2025-10-14 13:48:09 [DEBUG] - Set up coordinate grid, shape=(14, 4)
2025-10-14 13:48:09 [DEBUG] - M118_jeju_ORO_OLTT_merge: Slide info: 1.0 um/px | 0 ROI(s) | Size: 7276 x 2460
2025-10-14 13:48:09 [DEBUG] - M118_jeju_ORO_OLTT_merge: Grid shape: (14, 4) | Tiles to extract: 56
2025-10-14 13:48:09 [DEBUG] - Error attempting to read level 0
2025-10-14 13:48:09 [DEBUG] - Requesting thumbnail at level=0, width=7276
2025-10-14 13:49:59 [DEBUG] - Microns-Per-Pixel (MPP) not found, Searching EXIF
2025-10-14 13:49:59 [DEBUG] - Using MPP 1.0 per EXIF field 65326
2025-10-14 13:49:59 [DEBUG] - Attempting to read levels from non-standard multi-page TIFF
2025-10-14 13:49:59 [DEBUG] - Read 1 levels.
2025-10-14 13:49:59 [DEBUG] - No ROIs provided for 643_jeju_ORO_OLTT_merge
2025-10-14 13:49:59 [INFO] - No ROI for 643_jeju_ORO_OLTT_merge, using whole slide.
2025-10-14 13:49:59 [DEBUG] - Slide origin: (0, 0)
2025-10-14 13:49:59 [DEBUG] - Set up coordinate grid, shape=(19, 4)
2025-10-14 13:49:59 [DEBUG] - 643_jeju_ORO_OLTT_merge: Slide info: 1.0 um/px | 0 ROI(s) | Size: 9944 x 2392
2025-10-14 13:49:59 [DEBUG] - 643_jeju_ORO_OLTT_merge: Grid shape: (19, 4) | Tiles to extract: 76
2025-10-14 13:49:59 [DEBUG] - Error attempting to read level 0
2025-10-14 13:49:59 [DEBUG] - Requesting thumbnail at level=0, width=9944
2025-10-14 13:50:55 [DEBUG] - Microns-Per-Pixel (MPP) not found, Searching EXIF
2025-10-14 13:50:55 [DEBUG] - Using MPP 1.0 per EXIF field 65326
2025-10-14 13:50:55 [DEBUG] - Attempting to read levels from non-standard multi-page TIFF
2025-10-14 13:50:55 [DEBUG] - Read 1 levels.
2025-10-14 13:50:55 [DEBUG] - No ROIs provided for 645_jeju1_ORO_OLTT_merge
2025-10-14 13:50:55 [INFO] - No ROI for 645_jeju1_ORO_OLTT_merge, using whole slide.
2025-10-14 13:50:55 [DEBUG] - Slide origin: (0, 0)
2025-10-14 13:50:55 [DEBUG] - Set up coordinate grid, shape=(14, 4)
2025-10-14 13:50:55 [DEBUG] - 645_jeju1_ORO_OLTT_merge: Slide info: 1.0 um/px | 0 ROI(s) | Size: 7272 x 2464
2025-10-14 13:50:55 [DEBUG] - 645_jeju1_ORO_OLTT_merge: Grid shape: (14, 4) | Tiles to extract: 56
2025-10-14 13:50:55 [DEBUG] - Error attempting to read level 0
2025-10-14 13:50:55 [DEBUG] - Requesting thumbnail at level=0, width=7272
2025-10-14 13:51:24 [DEBUG] - No ROIs provided for 645_jeju1_ORO_OLTT_merge
2025-10-14 13:51:24 [INFO] - No ROI for 645_jeju1_ORO_OLTT_merge, using whole slide.
2025-10-14 13:51:24 [DEBUG] - Slide origin: (0, 0)
2025-10-14 13:51:24 [DEBUG] - Set up coordinate grid, shape=(14, 4)
2025-10-14 13:51:24 [DEBUG] - 645_jeju1_ORO_OLTT_merge: Slide info: 1.0 um/px | 0 ROI(s) | Size: 7272 x 2464
2025-10-14 13:51:24 [DEBUG] - 645_jeju1_ORO_OLTT_merge: Grid shape: (14, 4) | Tiles to extract: 56
2025-10-14 13:51:24 [DEBUG] - Error attempting to read level 0
2025-10-14 13:51:24 [DEBUG] - Requesting thumbnail at level=0, width=7272
2025-10-14 13:51:39 [DEBUG] - Microns-Per-Pixel (MPP) not found, Searching EXIF
2025-10-14 13:51:39 [DEBUG] - Using MPP 1.0 per EXIF field 65326
2025-10-14 13:51:39 [DEBUG] - Attempting to read levels from non-standard multi-page TIFF
2025-10-14 13:51:39 [DEBUG] - Read 1 levels.
2025-10-14 13:51:39 [DEBUG] - No ROIs provided for M057_jeju_ORO_OLTT_merge
2025-10-14 13:51:39 [INFO] - No ROI for M057_jeju_ORO_OLTT_merge, using whole slide.
2025-10-14 13:51:39 [DEBUG] - Slide origin: (0, 0)
2025-10-14 13:51:39 [DEBUG] - Set up coordinate grid, shape=(16, 6)
2025-10-14 13:51:39 [DEBUG] - M057_jeju_ORO_OLTT_merge: Slide info: 1.0 um/px | 0 ROI(s) | Size: 8580 x 3384
2025-10-14 13:51:39 [DEBUG] - M057_jeju_ORO_OLTT_merge: Grid shape: (16, 6) | Tiles to extract: 96
2025-10-14 13:51:39 [DEBUG] - Error attempting to read level 0
2025-10-14 13:51:39 [DEBUG] - Requesting thumbnail at level=0, width=8580
2025-10-14 13:53:52 [DEBUG] - Microns-Per-Pixel (MPP) not found, Searching EXIF
2025-10-14 13:53:52 [DEBUG] - Using MPP 1.0 per EXIF field 65326
2025-10-14 13:53:52 [DEBUG] - Attempting to read levels from non-standard multi-page TIFF
2025-10-14 13:53:52 [DEBUG] - Read 1 levels.
2025-10-14 13:53:52 [DEBUG] - No ROIs provided for M057_jeju_ORO_OLTT_merge
2025-10-14 13:53:52 [INFO] - No ROI for M057_jeju_ORO_OLTT_merge, using whole slide.
2025-10-14 13:53:52 [DEBUG] - Slide origin: (0, 0)
2025-10-14 13:53:52 [DEBUG] - Set up coordinate grid, shape=(16, 6)
2025-10-14 13:53:52 [DEBUG] - M057_jeju_ORO_OLTT_merge: Slide info: 1.0 um/px | 0 ROI(s) | Size: 8580 x 3384
2025-10-14 13:53:52 [DEBUG] - M057_jeju_ORO_OLTT_merge: Grid shape: (16, 6) | Tiles to extract: 96
2025-10-14 13:53:52 [DEBUG] - Error attempting to read level 0
2025-10-14 13:53:52 [DEBUG] - Requesting thumbnail at level=0, width=8580
2025-10-14 13:55:57 [DEBUG] - Microns-Per-Pixel (MPP) not found, Searching EXIF
2025-10-14 13:55:57 [DEBUG] - Using MPP 1.0 per EXIF field 65326
2025-10-14 13:55:57 [DEBUG] - Attempting to read levels from non-standard multi-page TIFF
2025-10-14 13:55:57 [DEBUG] - Read 1 levels.
2025-10-14 13:55:57 [DEBUG] - No ROIs provided for M057_jeju_ORO_OLTT_merge
2025-10-14 13:55:57 [INFO] - No ROI for M057_jeju_ORO_OLTT_merge, using whole slide.
2025-10-14 13:55:57 [DEBUG] - Slide origin: (0, 0)
2025-10-14 13:55:57 [DEBUG] - Set up coordinate grid, shape=(16, 6)
2025-10-14 13:55:57 [DEBUG] - M057_jeju_ORO_OLTT_merge: Slide info: 1.0 um/px | 0 ROI(s) | Size: 8580 x 3384
2025-10-14 13:55:57 [DEBUG] - M057_jeju_ORO_OLTT_merge: Grid shape: (16, 6) | Tiles to extract: 96
2025-10-14 13:55:57 [DEBUG] - Error attempting to read level 0
2025-10-14 13:55:57 [DEBUG] - Requesting thumbnail at level=0, width=8580
2025-10-14 13:57:04 [DEBUG] - Microns-Per-Pixel (MPP) not found, Searching EXIF
2025-10-14 13:57:04 [DEBUG] - Using MPP 1.0 per EXIF field 65326
2025-10-14 13:57:04 [DEBUG] - Attempting to read levels from non-standard multi-page TIFF
2025-10-14 13:57:04 [DEBUG] - Read 1 levels.
2025-10-14 13:57:04 [DEBUG] - No ROIs provided for 643_jeju_ORO_OLTT_merge
2025-10-14 13:57:04 [INFO] - No ROI for 643_jeju_ORO_OLTT_merge, using whole slide.
2025-10-14 13:57:04 [DEBUG] - Slide origin: (0, 0)
2025-10-14 13:57:04 [DEBUG] - Set up coordinate grid, shape=(19, 4)
2025-10-14 13:57:04 [DEBUG] - 643_jeju_ORO_OLTT_merge: Slide info: 1.0 um/px | 0 ROI(s) | Size: 9944 x 2392
2025-10-14 13:57:04 [DEBUG] - 643_jeju_ORO_OLTT_merge: Grid shape: (19, 4) | Tiles to extract: 76
2025-10-14 13:57:04 [DEBUG] - Error attempting to read level 0
2025-10-14 13:57:04 [DEBUG] - Requesting thumbnail at level=0, width=9944
2025-10-14 13:59:37 [DEBUG] - Microns-Per-Pixel (MPP) not found, Searching EXIF
2025-10-14 13:59:37 [DEBUG] - Using MPP 1.0 per EXIF field 65326
2025-10-14 13:59:37 [DEBUG] - Attempting to read levels from non-standard multi-page TIFF
2025-10-14 13:59:37 [DEBUG] - Read 1 levels.
2025-10-14 13:59:37 [DEBUG] - No ROIs provided for M096_jeju1_ORO_OLTT_merge
2025-10-14 13:59:37 [INFO] - No ROI for M096_jeju1_ORO_OLTT_merge, using whole slide.
2025-10-14 13:59:37 [DEBUG] - Slide origin: (0, 0)
2025-10-14 13:59:37 [DEBUG] - Set up coordinate grid, shape=(21, 6)
2025-10-14 13:59:37 [DEBUG] - M096_jeju1_ORO_OLTT_merge: Slide info: 1.0 um/px | 0 ROI(s) | Size: 11244 x 3360
2025-10-14 13:59:37 [DEBUG] - M096_jeju1_ORO_OLTT_merge: Grid shape: (21, 6) | Tiles to extract: 126
2025-10-14 13:59:37 [DEBUG] - Error attempting to read level 0
2025-10-14 13:59:37 [DEBUG] - Requesting thumbnail at level=0, width=11244
2025-10-14 14:04:24 [DEBUG] - Microns-Per-Pixel (MPP) not found, Searching EXIF
2025-10-14 14:04:24 [DEBUG] - Using MPP 1.0 per EXIF field 65326
2025-10-14 14:04:24 [DEBUG] - Attempting to read levels from non-standard multi-page TIFF
2025-10-14 14:04:24 [DEBUG] - Read 1 levels.
2025-10-14 14:04:24 [DEBUG] - No ROIs provided for M057_jeju_ORO_OLTT_merge
2025-10-14 14:04:24 [INFO] - No ROI for M057_jeju_ORO_OLTT_merge, using whole slide.
2025-10-14 14:04:24 [DEBUG] - Slide origin: (0, 0)
2025-10-14 14:04:24 [DEBUG] - Set up coordinate grid, shape=(16, 6)
2025-10-14 14:04:24 [DEBUG] - M057_jeju_ORO_OLTT_merge: Slide info: 1.0 um/px | 0 ROI(s) | Size: 8580 x 3384
2025-10-14 14:04:24 [DEBUG] - M057_jeju_ORO_OLTT_merge: Grid shape: (16, 6) | Tiles to extract: 96
2025-10-14 14:04:24 [DEBUG] - Error attempting to read level 0
2025-10-14 14:04:24 [DEBUG] - Requesting thumbnail at level=0, width=8580
2025-10-14 14:05:34 [DEBUG] - Microns-Per-Pixel (MPP) not found, Searching EXIF
2025-10-14 14:05:34 [DEBUG] - Using MPP 1.0 per EXIF field 65326
2025-10-14 14:05:34 [DEBUG] - Attempting to read levels from non-standard multi-page TIFF
2025-10-14 14:05:34 [DEBUG] - Read 1 levels.
2025-10-14 14:05:34 [DEBUG] - No ROIs provided for M054_jeju_ORO_OLTT_merge
2025-10-14 14:05:34 [INFO] - No ROI for M054_jeju_ORO_OLTT_merge, using whole slide.
2025-10-14 14:05:34 [DEBUG] - Slide origin: (0, 0)
2025-10-14 14:05:34 [DEBUG] - Set up coordinate grid, shape=(16, 2)
2025-10-14 14:05:34 [DEBUG] - M054_jeju_ORO_OLTT_merge: Slide info: 1.0 um/px | 0 ROI(s) | Size: 8568 x 1404
2025-10-14 14:05:34 [DEBUG] - M054_jeju_ORO_OLTT_merge: Grid shape: (16, 2) | Tiles to extract: 32
2025-10-14 14:05:34 [DEBUG] - Error attempting to read level 0
2025-10-14 14:05:34 [DEBUG] - Requesting thumbnail at level=0, width=8568
2025-10-14 14:07:20 [DEBUG] - Microns-Per-Pixel (MPP) not found, Searching EXIF
2025-10-14 14:07:20 [DEBUG] - Using MPP 1.0 per EXIF field 65326
2025-10-14 14:07:20 [DEBUG] - Attempting to read levels from non-standard multi-page TIFF
2025-10-14 14:07:20 [DEBUG] - Read 1 levels.
2025-10-14 14:07:20 [DEBUG] - No ROIs provided for M054_jeju_ORO_OLTT_merge
2025-10-14 14:07:20 [INFO] - No ROI for M054_jeju_ORO_OLTT_merge, using whole slide.
2025-10-14 14:07:20 [DEBUG] - Slide origin: (0, 0)
2025-10-14 14:07:20 [DEBUG] - Set up coordinate grid, shape=(16, 2)
2025-10-14 14:07:20 [DEBUG] - M054_jeju_ORO_OLTT_merge: Slide info: 1.0 um/px | 0 ROI(s) | Size: 8568 x 1404
2025-10-14 14:07:20 [DEBUG] - M054_jeju_ORO_OLTT_merge: Grid shape: (16, 2) | Tiles to extract: 32
2025-10-14 14:07:20 [DEBUG] - Error attempting to read level 0
2025-10-14 14:07:20 [DEBUG] - Requesting thumbnail at level=0, width=8568
2025-10-14 14:09:30 [DEBUG] - Microns-Per-Pixel (MPP) not found, Searching EXIF
2025-10-14 14:09:30 [DEBUG] - Using MPP 1.0 per EXIF field 65326
2025-10-14 14:09:30 [DEBUG] - Attempting to read levels from non-standard multi-page TIFF
2025-10-14 14:09:30 [DEBUG] - Read 1 levels.
2025-10-14 14:09:30 [DEBUG] - No ROIs provided for M054_jeju_ORO_OLTT_merge
2025-10-14 14:09:30 [INFO] - No ROI for M054_jeju_ORO_OLTT_merge, using whole slide.
2025-10-14 14:09:30 [DEBUG] - Slide origin: (0, 0)
2025-10-14 14:09:30 [DEBUG] - Set up coordinate grid, shape=(16, 2)
2025-10-14 14:09:30 [DEBUG] - M054_jeju_ORO_OLTT_merge: Slide info: 1.0 um/px | 0 ROI(s) | Size: 8568 x 1404
2025-10-14 14:09:30 [DEBUG] - M054_jeju_ORO_OLTT_merge: Grid shape: (16, 2) | Tiles to extract: 32
2025-10-14 14:09:30 [DEBUG] - Error attempting to read level 0
2025-10-14 14:09:30 [DEBUG] - Requesting thumbnail at level=0, width=8568
2025-10-14 14:10:41 [DEBUG] - Microns-Per-Pixel (MPP) not found, Searching EXIF
2025-10-14 14:10:41 [DEBUG] - Using MPP 1.0 per EXIF field 65326
2025-10-14 14:10:41 [DEBUG] - Attempting to read levels from non-standard multi-page TIFF
2025-10-14 14:10:41 [DEBUG] - Read 1 levels.
2025-10-14 14:10:41 [DEBUG] - No ROIs provided for M117_jeju1_ORO_OLTT_merge
2025-10-14 14:10:41 [INFO] - No ROI for M117_jeju1_ORO_OLTT_merge, using whole slide.
2025-10-14 14:10:41 [DEBUG] - Slide origin: (0, 0)
2025-10-14 14:10:41 [DEBUG] - Set up coordinate grid, shape=(11, 6)
2025-10-14 14:10:41 [DEBUG] - M117_jeju1_ORO_OLTT_merge: Slide info: 1.0 um/px | 0 ROI(s) | Size: 5904 x 3416
2025-10-14 14:10:41 [DEBUG] - M117_jeju1_ORO_OLTT_merge: Grid shape: (11, 6) | Tiles to extract: 66
2025-10-14 14:10:41 [DEBUG] - Error attempting to read level 0
2025-10-14 14:10:41 [DEBUG] - Requesting thumbnail at level=0, width=5904
2025-10-14 14:11:28 [DEBUG] - Microns-Per-Pixel (MPP) not found, Searching EXIF
2025-10-14 14:11:28 [DEBUG] - Using MPP 1.0 per EXIF field 65326
2025-10-14 14:11:28 [DEBUG] - Attempting to read levels from non-standard multi-page TIFF
2025-10-14 14:11:28 [DEBUG] - Read 1 levels.
2025-10-14 14:11:28 [DEBUG] - No ROIs provided for 642_jeju_ORO_OLTT_merge
2025-10-14 14:11:28 [INFO] - No ROI for 642_jeju_ORO_OLTT_merge, using whole slide.
2025-10-14 14:11:28 [DEBUG] - Slide origin: (0, 0)
2025-10-14 14:11:28 [DEBUG] - Set up coordinate grid, shape=(19, 6)
2025-10-14 14:11:28 [DEBUG] - 642_jeju_ORO_OLTT_merge: Slide info: 1.0 um/px | 0 ROI(s) | Size: 9924 x 3360
2025-10-14 14:11:28 [DEBUG] - 642_jeju_ORO_OLTT_merge: Grid shape: (19, 6) | Tiles to extract: 114
2025-10-14 14:11:28 [DEBUG] - Error attempting to read level 0
2025-10-14 14:11:28 [DEBUG] - Requesting thumbnail at level=0, width=9924
2025-10-14 14:12:17 [DEBUG] - Microns-Per-Pixel (MPP) not found, Searching EXIF
2025-10-14 14:12:17 [DEBUG] - Using MPP 1.0 per EXIF field 65326
2025-10-14 14:12:17 [DEBUG] - Attempting to read levels from non-standard multi-page TIFF
2025-10-14 14:12:17 [DEBUG] - Read 1 levels.
2025-10-14 14:12:17 [DEBUG] - No ROIs provided for M118_jeju_ORO_OLTT_merge
2025-10-14 14:12:17 [INFO] - No ROI for M118_jeju_ORO_OLTT_merge, using whole slide.
2025-10-14 14:12:17 [DEBUG] - Slide origin: (0, 0)
2025-10-14 14:12:17 [DEBUG] - Set up coordinate grid, shape=(14, 4)
2025-10-14 14:12:17 [DEBUG] - M118_jeju_ORO_OLTT_merge: Slide info: 1.0 um/px | 0 ROI(s) | Size: 7276 x 2460
2025-10-14 14:12:17 [DEBUG] - M118_jeju_ORO_OLTT_merge: Grid shape: (14, 4) | Tiles to extract: 56
2025-10-14 14:12:17 [DEBUG] - Error attempting to read level 0
2025-10-14 14:12:17 [DEBUG] - Requesting thumbnail at level=0, width=7276
2025-10-14 14:12:33 [DEBUG] - Microns-Per-Pixel (MPP) not found, Searching EXIF
2025-10-14 14:12:33 [DEBUG] - Using MPP 1.0 per EXIF field 65326
2025-10-14 14:12:33 [DEBUG] - Attempting to read levels from non-standard multi-page TIFF
2025-10-14 14:12:33 [DEBUG] - Read 1 levels.
2025-10-14 14:12:33 [DEBUG] - No ROIs provided for M054_jeju1_ORO_OLTT_merge
2025-10-14 14:12:33 [INFO] - No ROI for M054_jeju1_ORO_OLTT_merge, using whole slide.
2025-10-14 14:12:33 [DEBUG] - Slide origin: (0, 0)
2025-10-14 14:12:33 [DEBUG] - Set up coordinate grid, shape=(21, 6)
2025-10-14 14:12:33 [DEBUG] - M054_jeju1_ORO_OLTT_merge: Slide info: 1.0 um/px | 0 ROI(s) | Size: 11196 x 3336
2025-10-14 14:12:33 [DEBUG] - M054_jeju1_ORO_OLTT_merge: Grid shape: (21, 6) | Tiles to extract: 126
2025-10-14 14:12:33 [DEBUG] - Error attempting to read level 0
2025-10-14 14:12:33 [DEBUG] - Requesting thumbnail at level=0, width=11196
2025-10-14 14:15:22 [DEBUG] - Microns-Per-Pixel (MPP) not found, Searching EXIF
2025-10-14 14:15:22 [DEBUG] - Using MPP 1.0 per EXIF field 65326
2025-10-14 14:15:22 [DEBUG] - Attempting to read levels from non-standard multi-page TIFF
2025-10-14 14:15:22 [DEBUG] - Read 1 levels.
2025-10-14 14:15:22 [DEBUG] - No ROIs provided for M096_jeju1_ORO_OLTT_merge
2025-10-14 14:15:22 [INFO] - No ROI for M096_jeju1_ORO_OLTT_merge, using whole slide.
2025-10-14 14:15:22 [DEBUG] - Slide origin: (0, 0)
2025-10-14 14:15:22 [DEBUG] - Set up coordinate grid, shape=(21, 6)
2025-10-14 14:15:22 [DEBUG] - M096_jeju1_ORO_OLTT_merge: Slide info: 1.0 um/px | 0 ROI(s) | Size: 11244 x 3360
2025-10-14 14:15:22 [DEBUG] - M096_jeju1_ORO_OLTT_merge: Grid shape: (21, 6) | Tiles to extract: 126
2025-10-14 14:15:22 [DEBUG] - Error attempting to read level 0
2025-10-14 14:15:22 [DEBUG] - Requesting thumbnail at level=0, width=11244
